Build started 7/30/2014 12:38:30 PM.
     1>Project "C:\Users\Public\Documents\of_v0.8.1_vs_release\apps\myApps\BrainwaveOSC\BrainwaveOSC.vcxproj" on node 2 (Build target(s)).
     1>ClCompile:
         C:\Program Files (x86)\Microsoft Visual Studio 11.0\VC\bin\CL.exe /c /I..\..\..\libs\openFrameworks /I..\..\..\libs\openFrameworks\graphics /I..\..\..\libs\openFrameworks\app /I..\..\..\libs\openFrameworks\sound /I..\..\..\libs\openFrameworks\utils /I..\..\..\libs\openFrameworks\communication /I..\..\..\libs\openFrameworks\video /I..\..\..\libs\openFrameworks\types /I..\..\..\libs\openFrameworks\math /I..\..\..\libs\openFrameworks\3d /I..\..\..\libs\openFrameworks\gl /I..\..\..\libs\openFrameworks\events /I..\..\..\libs\glut\include /I..\..\..\libs\rtAudio\include /I..\..\..\libs\quicktime\include /I..\..\..\libs\freetype\include /I..\..\..\libs\freetype\include\freetype2 /I..\..\..\libs\freeImage\include /I..\..\..\libs\fmodex\include /I..\..\..\libs\videoInput\include /I..\..\..\libs\glew\include\ /I..\..\..\libs\glu\include /I..\..\..\libs\tess2\include /I..\..\..\libs\cairo\include\cairo /I..\..\..\libs\poco\include /I..\..\..\libs\glfw\include /I..\..\..\libs\openssl\include /I..\..\..\addons /I..\..\..\addons\ofxOsc\libs /I..\..\..\addons\ofxOsc\src /I..\..\..\addons\ofxOsc\libs\oscpack /I..\..\..\addons\ofxOsc\libs\oscpack\src /I..\..\..\addons\ofxOsc\libs\oscpack\src\ip /I..\..\..\addons\ofxOsc\libs\oscpack\src\ip\posix /I..\..\..\addons\ofxOsc\libs\oscpack\src\ip\win32 /I..\..\..\addons\ofxOsc\libs\oscpack\src\osc /I..\..\..\addons\ofxXmlSettings\libs /I..\..\..\addons\ofxXmlSettings\src /I..\..\..\addons\ofxThinkgear\libs /I..\..\..\addons\ofxThinkgear\src /I..\..\..\addons\ofxThinkgear\libs\ThinkGear.bundle /I..\..\..\addons\ofxThinkgear\libs\ThinkGear.bundle\Contents /I..\..\..\addons\ofxThinkgear\libs\ThinkGear.bundle\Contents\MacOS /I..\..\..\addons\ofxThinkgear\libs\ThinkGear.bundle\Contents\Resources /I..\..\..\addons\ofxThinkgear\libs\ThinkGear.bundle\Contents\Resources\English.lproj /I..\..\..\addons\ofxTouchGUI\libs /I..\..\..\addons\ofxTouchGUI\src /IBrainwaveGUI\ /ZI /nologo /W3 /WX- /Od /Oy- /D WIN32 /D _DEBUG /D _CONSOLE /D POCO_STATIC /D CAIRO_WIN32_STATIC_BUILD /D DISABLE_SOME_FLOATING_POINT /D _UNICODE /D UNICODE /Gm /EHsc /RTC1 /MDd /GS /fp:precise /Zc:wchar_t /Zc:forScope /Fo"obj\Debug\\" /Fd"obj\Debug\vc110.pdb" /Gd /TP /analyze- /errorReport:prompt ..\..\..\addons\ofxThinkgear\src\ThinkgearCommsDriver.cpp ..\..\..\addons\ofxThinkgear\src\ofxThinkgear.cpp src\main.cpp src\ofApp.cpp
         ofApp.cpp
     1>c:\users\public\documents\of_v0.8.1_vs_release\libs\poco\include\poco\streamconverter.h(126): warning C4250: 'Poco::InputStreamConverter' : inherits 'std::basic_istream<_Elem,_Traits>::std::basic_istream<_Elem,_Traits>::_Add_vtordisp1' via dominance
                 with
                 [
                     _Elem=char,
                     _Traits=std::char_traits<char>
                 ]
                 c:\program files (x86)\microsoft visual studio 11.0\vc\include\istream(74) : see declaration of 'std::basic_istream<_Elem,_Traits>::_Add_vtordisp1'
                 with
                 [
                     _Elem=char,
                     _Traits=std::char_traits<char>
                 ]
     1>c:\users\public\documents\of_v0.8.1_vs_release\libs\poco\include\poco\streamconverter.h(144): warning C4250: 'Poco::OutputStreamConverter' : inherits 'std::basic_ostream<_Elem,_Traits>::std::basic_ostream<_Elem,_Traits>::_Add_vtordisp2' via dominance
                 with
                 [
                     _Elem=char,
                     _Traits=std::char_traits<char>
                 ]
                 c:\program files (x86)\microsoft visual studio 11.0\vc\include\ostream(90) : see declaration of 'std::basic_ostream<_Elem,_Traits>::_Add_vtordisp2'
                 with
                 [
                     _Elem=char,
                     _Traits=std::char_traits<char>
                 ]
         main.cpp
     1>c:\users\public\documents\of_v0.8.1_vs_release\libs\poco\include\poco\streamconverter.h(126): warning C4250: 'Poco::InputStreamConverter' : inherits 'std::basic_istream<_Elem,_Traits>::std::basic_istream<_Elem,_Traits>::_Add_vtordisp1' via dominance
                 with
                 [
                     _Elem=char,
                     _Traits=std::char_traits<char>
                 ]
                 c:\program files (x86)\microsoft visual studio 11.0\vc\include\istream(74) : see declaration of 'std::basic_istream<_Elem,_Traits>::_Add_vtordisp1'
                 with
                 [
                     _Elem=char,
                     _Traits=std::char_traits<char>
                 ]
     1>c:\users\public\documents\of_v0.8.1_vs_release\libs\poco\include\poco\streamconverter.h(144): warning C4250: 'Poco::OutputStreamConverter' : inherits 'std::basic_ostream<_Elem,_Traits>::std::basic_ostream<_Elem,_Traits>::_Add_vtordisp2' via dominance
                 with
                 [
                     _Elem=char,
                     _Traits=std::char_traits<char>
                 ]
                 c:\program files (x86)\microsoft visual studio 11.0\vc\include\ostream(90) : see declaration of 'std::basic_ostream<_Elem,_Traits>::_Add_vtordisp2'
                 with
                 [
                     _Elem=char,
                     _Traits=std::char_traits<char>
                 ]
         ofxThinkgear.cpp
     1>c:\users\public\documents\of_v0.8.1_vs_release\libs\poco\include\poco\streamconverter.h(126): warning C4250: 'Poco::InputStreamConverter' : inherits 'std::basic_istream<_Elem,_Traits>::std::basic_istream<_Elem,_Traits>::_Add_vtordisp1' via dominance
                 with
                 [
                     _Elem=char,
                     _Traits=std::char_traits<char>
                 ]
                 c:\program files (x86)\microsoft visual studio 11.0\vc\include\istream(74) : see declaration of 'std::basic_istream<_Elem,_Traits>::_Add_vtordisp1'
                 with
                 [
                     _Elem=char,
                     _Traits=std::char_traits<char>
                 ]
     1>c:\users\public\documents\of_v0.8.1_vs_release\libs\poco\include\poco\streamconverter.h(144): warning C4250: 'Poco::OutputStreamConverter' : inherits 'std::basic_ostream<_Elem,_Traits>::std::basic_ostream<_Elem,_Traits>::_Add_vtordisp2' via dominance
                 with
                 [
                     _Elem=char,
                     _Traits=std::char_traits<char>
                 ]
                 c:\program files (x86)\microsoft visual studio 11.0\vc\include\ostream(90) : see declaration of 'std::basic_ostream<_Elem,_Traits>::_Add_vtordisp2'
                 with
                 [
                     _Elem=char,
                     _Traits=std::char_traits<char>
                 ]
         ThinkgearCommsDriver.cpp
     1>c:\users\public\documents\of_v0.8.1_vs_release\libs\poco\include\poco\streamconverter.h(126): warning C4250: 'Poco::InputStreamConverter' : inherits 'std::basic_istream<_Elem,_Traits>::std::basic_istream<_Elem,_Traits>::_Add_vtordisp1' via dominance
                 with
                 [
                     _Elem=char,
                     _Traits=std::char_traits<char>
                 ]
                 c:\program files (x86)\microsoft visual studio 11.0\vc\include\istream(74) : see declaration of 'std::basic_istream<_Elem,_Traits>::_Add_vtordisp1'
                 with
                 [
                     _Elem=char,
                     _Traits=std::char_traits<char>
                 ]
     1>c:\users\public\documents\of_v0.8.1_vs_release\libs\poco\include\poco\streamconverter.h(144): warning C4250: 'Poco::OutputStreamConverter' : inherits 'std::basic_ostream<_Elem,_Traits>::std::basic_ostream<_Elem,_Traits>::_Add_vtordisp2' via dominance
                 with
                 [
                     _Elem=char,
                     _Traits=std::char_traits<char>
                 ]
                 c:\program files (x86)\microsoft visual studio 11.0\vc\include\ostream(90) : see declaration of 'std::basic_ostream<_Elem,_Traits>::_Add_vtordisp2'
                 with
                 [
                     _Elem=char,
                     _Traits=std::char_traits<char>
                 ]
         Generating Code...
       ResourceCompile:
         C:\Program Files (x86)\Windows Kits\8.0\bin\x86\rc.exe /D _UNICODE /D UNICODE /l"0x0409" /nologo /fo"obj\Debug\icon.res" /D_DEBUG  icon.rc 
       Link:
         C:\Program Files (x86)\Microsoft Visual Studio 11.0\VC\bin\link.exe /ERRORREPORT:PROMPT /OUT:"bin\BrainwaveOSC_debug.exe" /INCREMENTAL /NOLOGO /LIBPATH:..\..\..\libs\glut\lib\vs /LIBPATH:..\..\..\libs\glfw\lib\vs /LIBPATH:..\..\..\libs\rtAudio\lib\vs /LIBPATH:..\..\..\libs\FreeImage\lib\vs /LIBPATH:..\..\..\libs\freetype\lib\vs /LIBPATH:..\..\..\libs\quicktime\lib\vs /LIBPATH:..\..\..\libs\fmodex\lib\vs /LIBPATH:..\..\..\libs\videoInput\lib\vs /LIBPATH:..\..\..\libs\cairo\lib\vs /LIBPATH:..\..\..\libs\glew\lib\vs /LIBPATH:..\..\..\libs\glu\lib\vs /LIBPATH:..\..\..\libs\openssl\lib\vs /LIBPATH:..\..\..\libs\Poco\lib\vs /LIBPATH:..\..\..\libs\tess2\lib\vs "cairo-static.lib" "pixman-1.lib" msimg32.lib OpenGL32.lib GLu32.lib kernel32.lib setupapi.lib Vfw32.lib comctl32.lib glut32.lib rtAudioD.lib videoInputD.lib libfreetype.lib FreeImage.lib qtmlClient.lib dsound.lib user32.lib gdi32.lib winspool.lib comdlg32.lib advapi32.lib shell32.lib ole32.lib oleaut32.lib uuid.lib glew32s.lib fmodex_vc.lib glu32.lib ssleay32MD.lib libeay32MD.lib crypt32.lib PocoFoundationmdd.lib PocoNetmdd.lib PocoUtilmdd.lib PocoXMLmdd.lib Ws2_32.lib tess2.lib glfw3.lib kernel32.lib user32.lib gdi32.lib winspool.lib comdlg32.lib advapi32.lib shell32.lib ole32.lib oleaut32.lib uuid.lib odbc32.lib odbccp32.lib /NODEFAULTLIB:PocoFoundationmdd.lib /NODEFAULTLIB:atlthunk.lib /NODEFAULTLIB:msvcrt /NODEFAULTLIB:libcmt /NODEFAULTLIB:LIBC /NODEFAULTLIB:LIBCMTD /MANIFEST /MANIFESTUAC:"level='asInvoker' uiAccess='false'" /manifest:embed /DEBUG /PDB:"bin\BrainwaveOSC_debug.pdb" /SUBSYSTEM:CONSOLE /TLBID:1 /DYNAMICBASE:NO /NXCOMPAT /IMPLIB:"bin\BrainwaveOSC_debug.lib" /MACHINE:X86 /SAFESEH obj\Debug\icon.res
         obj\Debug\main.obj
         obj\Debug\ofApp.obj
         obj\Debug\ofxOscBundle.obj
         obj\Debug\ofxOscMessage.obj
         obj\Debug\ofxOscParameterSync.obj
         obj\Debug\ofxOscReceiver.obj
         obj\Debug\ofxOscSender.obj
         obj\Debug\IpEndpointName.obj
         obj\Debug\NetworkingUtils.obj
         obj\Debug\UdpSocket.obj
         obj\Debug\NetworkingUtilsWin.obj
         obj\Debug\UdpSocketWin.obj
         obj\Debug\OscOutboundPacketStream.obj
         obj\Debug\OscPrintReceivedElements.obj
         obj\Debug\OscReceivedElements.obj
         obj\Debug\OscTypes.obj
         obj\Debug\ofxXmlSettings.obj
         obj\Debug\tinyxml.obj
         obj\Debug\tinyxmlerror.obj
         obj\Debug\tinyxmlparser.obj
         obj\Debug\ofxThinkgear.obj
         obj\Debug\ThinkgearCommsDriver.obj
         obj\Debug\ThinkGearStreamParser.obj
         obj\Debug\ofxTouchGUI.obj
         obj\Debug\ofxTouchGUIBase.obj
         obj\Debug\ofxTouchGUIButton.obj
         obj\Debug\ofxTouchGUIDataGraph.obj
         obj\Debug\ofxTouchGUIDropDown.obj
         obj\Debug\ofxTouchGUISlider.obj
         obj\Debug\ofxTouchGUIText.obj
         obj\Debug\ofxTouchGUITextInput.obj
         obj\Debug\ofxTouchGUIToggleButton.obj
         obj\Debug\BrainWaveGUI.obj
         obj\Debug\EegFrequencyGraph.obj
         obj\Debug\EegTimeGraph.obj
         C:\Users\Public\Documents\of_v0.8.1_vs_release\libs\openFrameworksCompiled\lib\vs\openframeworksLib_debug.lib
     1>main.obj : warning LNK4075: ignoring '/EDITANDCONTINUE' due to '/SAFESEH' specification
            Creating library bin\BrainwaveOSC_debug.lib and object bin\BrainwaveOSC_debug.exp
     1>PocoFoundationmdd.lib(Ascii.obj) : warning LNK4099: PDB 'pocofoundationmdd.pdb' was not found with 'PocoFoundationmdd.lib(Ascii.obj)' or at 'C:\Users\Public\Documents\of_v0.8.1_vs_release\apps\myApps\BrainwaveOSC\bin\pocofoundationmdd.pdb'; linking object as if no debug info
     1>PocoFoundationmdd.lib(AtomicCounter.obj) : warning LNK4099: PDB 'pocofoundationmdd.pdb' was not found with 'PocoFoundationmdd.lib(AtomicCounter.obj)' or at 'C:\Users\Public\Documents\of_v0.8.1_vs_release\apps\myApps\BrainwaveOSC\bin\pocofoundationmdd.pdb'; linking object as if no debug info
     1>PocoFoundationmdd.lib(Bugcheck.obj) : warning LNK4099: PDB 'pocofoundationmdd.pdb' was not found with 'PocoFoundationmdd.lib(Bugcheck.obj)' or at 'C:\Users\Public\Documents\of_v0.8.1_vs_release\apps\myApps\BrainwaveOSC\bin\pocofoundationmdd.pdb'; linking object as if no debug info
     1>PocoFoundationmdd.lib(Debugger.obj) : warning LNK4099: PDB 'pocofoundationmdd.pdb' was not found with 'PocoFoundationmdd.lib(Debugger.obj)' or at 'C:\Users\Public\Documents\of_v0.8.1_vs_release\apps\myApps\BrainwaveOSC\bin\pocofoundationmdd.pdb'; linking object as if no debug info
     1>PocoFoundationmdd.lib(Environment.obj) : warning LNK4099: PDB 'pocofoundationmdd.pdb' was not found with 'PocoFoundationmdd.lib(Environment.obj)' or at 'C:\Users\Public\Documents\of_v0.8.1_vs_release\apps\myApps\BrainwaveOSC\bin\pocofoundationmdd.pdb'; linking object as if no debug info
     1>PocoFoundationmdd.lib(Exception.obj) : warning LNK4099: PDB 'pocofoundationmdd.pdb' was not found with 'PocoFoundationmdd.lib(Exception.obj)' or at 'C:\Users\Public\Documents\of_v0.8.1_vs_release\apps\myApps\BrainwaveOSC\bin\pocofoundationmdd.pdb'; linking object as if no debug info
     1>PocoFoundationmdd.lib(Format.obj) : warning LNK4099: PDB 'pocofoundationmdd.pdb' was not found with 'PocoFoundationmdd.lib(Format.obj)' or at 'C:\Users\Public\Documents\of_v0.8.1_vs_release\apps\myApps\BrainwaveOSC\bin\pocofoundationmdd.pdb'; linking object as if no debug info
     1>PocoFoundationmdd.lib(MemoryPool.obj) : warning LNK4099: PDB 'pocofoundationmdd.pdb' was not found with 'PocoFoundationmdd.lib(MemoryPool.obj)' or at 'C:\Users\Public\Documents\of_v0.8.1_vs_release\apps\myApps\BrainwaveOSC\bin\pocofoundationmdd.pdb'; linking object as if no debug info
     1>PocoFoundationmdd.lib(NumberFormatter.obj) : warning LNK4099: PDB 'pocofoundationmdd.pdb' was not found with 'PocoFoundationmdd.lib(NumberFormatter.obj)' or at 'C:\Users\Public\Documents\of_v0.8.1_vs_release\apps\myApps\BrainwaveOSC\bin\pocofoundationmdd.pdb'; linking object as if no debug info
     1>PocoFoundationmdd.lib(NumberParser.obj) : warning LNK4099: PDB 'pocofoundationmdd.pdb' was not found with 'PocoFoundationmdd.lib(NumberParser.obj)' or at 'C:\Users\Public\Documents\of_v0.8.1_vs_release\apps\myApps\BrainwaveOSC\bin\pocofoundationmdd.pdb'; linking object as if no debug info
     1>PocoFoundationmdd.lib(RefCountedObject.obj) : warning LNK4099: PDB 'pocofoundationmdd.pdb' was not found with 'PocoFoundationmdd.lib(RefCountedObject.obj)' or at 'C:\Users\Public\Documents\of_v0.8.1_vs_release\apps\myApps\BrainwaveOSC\bin\pocofoundationmdd.pdb'; linking object as if no debug info
     1>PocoFoundationmdd.lib(StringTokenizer.obj) : warning LNK4099: PDB 'pocofoundationmdd.pdb' was not found with 'PocoFoundationmdd.lib(StringTokenizer.obj)' or at 'C:\Users\Public\Documents\of_v0.8.1_vs_release\apps\myApps\BrainwaveOSC\bin\pocofoundationmdd.pdb'; linking object as if no debug info
     1>PocoFoundationmdd.lib(Void.obj) : warning LNK4099: PDB 'pocofoundationmdd.pdb' was not found with 'PocoFoundationmdd.lib(Void.obj)' or at 'C:\Users\Public\Documents\of_v0.8.1_vs_release\apps\myApps\BrainwaveOSC\bin\pocofoundationmdd.pdb'; linking object as if no debug info
     1>PocoFoundationmdd.lib(Base64Decoder.obj) : warning LNK4099: PDB 'pocofoundationmdd.pdb' was not found with 'PocoFoundationmdd.lib(Base64Decoder.obj)' or at 'C:\Users\Public\Documents\of_v0.8.1_vs_release\apps\myApps\BrainwaveOSC\bin\pocofoundationmdd.pdb'; linking object as if no debug info
     1>PocoFoundationmdd.lib(Base64Encoder.obj) : warning LNK4099: PDB 'pocofoundationmdd.pdb' was not found with 'PocoFoundationmdd.lib(Base64Encoder.obj)' or at 'C:\Users\Public\Documents\of_v0.8.1_vs_release\apps\myApps\BrainwaveOSC\bin\pocofoundationmdd.pdb'; linking object as if no debug info
     1>PocoFoundationmdd.lib(CountingStream.obj) : warning LNK4099: PDB 'pocofoundationmdd.pdb' was not found with 'PocoFoundationmdd.lib(CountingStream.obj)' or at 'C:\Users\Public\Documents\of_v0.8.1_vs_release\apps\myApps\BrainwaveOSC\bin\pocofoundationmdd.pdb'; linking object as if no debug info
     1>PocoFoundationmdd.lib(DeflatingStream.obj) : warning LNK4099: PDB 'pocofoundationmdd.pdb' was not found with 'PocoFoundationmdd.lib(DeflatingStream.obj)' or at 'C:\Users\Public\Documents\of_v0.8.1_vs_release\apps\myApps\BrainwaveOSC\bin\pocofoundationmdd.pdb'; linking object as if no debug info
     1>PocoFoundationmdd.lib(FileStream.obj) : warning LNK4099: PDB 'pocofoundationmdd.pdb' was not found with 'PocoFoundationmdd.lib(FileStream.obj)' or at 'C:\Users\Public\Documents\of_v0.8.1_vs_release\apps\myApps\BrainwaveOSC\bin\pocofoundationmdd.pdb'; linking object as if no debug info
     1>PocoFoundationmdd.lib(LineEndingConverter.obj) : warning LNK4099: PDB 'pocofoundationmdd.pdb' was not found with 'PocoFoundationmdd.lib(LineEndingConverter.obj)' or at 'C:\Users\Public\Documents\of_v0.8.1_vs_release\apps\myApps\BrainwaveOSC\bin\pocofoundationmdd.pdb'; linking object as if no debug info
     1>PocoFoundationmdd.lib(MemoryStream.obj) : warning LNK4099: PDB 'pocofoundationmdd.pdb' was not found with 'PocoFoundationmdd.lib(MemoryStream.obj)' or at 'C:\Users\Public\Documents\of_v0.8.1_vs_release\apps\myApps\BrainwaveOSC\bin\pocofoundationmdd.pdb'; linking object as if no debug info
     1>PocoFoundationmdd.lib(NullStream.obj) : warning LNK4099: PDB 'pocofoundationmdd.pdb' was not found with 'PocoFoundationmdd.lib(NullStream.obj)' or at 'C:\Users\Public\Documents\of_v0.8.1_vs_release\apps\myApps\BrainwaveOSC\bin\pocofoundationmdd.pdb'; linking object as if no debug info
     1>PocoFoundationmdd.lib(StreamCopier.obj) : warning LNK4099: PDB 'pocofoundationmdd.pdb' was not found with 'PocoFoundationmdd.lib(StreamCopier.obj)' or at 'C:\Users\Public\Documents\of_v0.8.1_vs_release\apps\myApps\BrainwaveOSC\bin\pocofoundationmdd.pdb'; linking object as if no debug info
     1>PocoFoundationmdd.lib(adler32.obj) : warning LNK4099: PDB 'pocofoundationmdd.pdb' was not found with 'PocoFoundationmdd.lib(adler32.obj)' or at 'C:\Users\Public\Documents\of_v0.8.1_vs_release\apps\myApps\BrainwaveOSC\bin\pocofoundationmdd.pdb'; linking object as if no debug info
     1>PocoFoundationmdd.lib(crc32.obj) : warning LNK4099: PDB 'pocofoundationmdd.pdb' was not found with 'PocoFoundationmdd.lib(crc32.obj)' or at 'C:\Users\Public\Documents\of_v0.8.1_vs_release\apps\myApps\BrainwaveOSC\bin\pocofoundationmdd.pdb'; linking object as if no debug info
     1>PocoFoundationmdd.lib(deflate.obj) : warning LNK4099: PDB 'pocofoundationmdd.pdb' was not found with 'PocoFoundationmdd.lib(deflate.obj)' or at 'C:\Users\Public\Documents\of_v0.8.1_vs_release\apps\myApps\BrainwaveOSC\bin\pocofoundationmdd.pdb'; linking object as if no debug info
     1>PocoFoundationmdd.lib(trees.obj) : warning LNK4099: PDB 'pocofoundationmdd.pdb' was not found with 'PocoFoundationmdd.lib(trees.obj)' or at 'C:\Users\Public\Documents\of_v0.8.1_vs_release\apps\myApps\BrainwaveOSC\bin\pocofoundationmdd.pdb'; linking object as if no debug info
     1>PocoFoundationmdd.lib(zutil.obj) : warning LNK4099: PDB 'pocofoundationmdd.pdb' was not found with 'PocoFoundationmdd.lib(zutil.obj)' or at 'C:\Users\Public\Documents\of_v0.8.1_vs_release\apps\myApps\BrainwaveOSC\bin\pocofoundationmdd.pdb'; linking object as if no debug info
     1>PocoFoundationmdd.lib(ActiveDispatcher.obj) : warning LNK4099: PDB 'pocofoundationmdd.pdb' was not found with 'PocoFoundationmdd.lib(ActiveDispatcher.obj)' or at 'C:\Users\Public\Documents\of_v0.8.1_vs_release\apps\myApps\BrainwaveOSC\bin\pocofoundationmdd.pdb'; linking object as if no debug info
     1>PocoFoundationmdd.lib(Condition.obj) : warning LNK4099: PDB 'pocofoundationmdd.pdb' was not found with 'PocoFoundationmdd.lib(Condition.obj)' or at 'C:\Users\Public\Documents\of_v0.8.1_vs_release\apps\myApps\BrainwaveOSC\bin\pocofoundationmdd.pdb'; linking object as if no debug info
     1>PocoFoundationmdd.lib(ErrorHandler.obj) : warning LNK4099: PDB 'pocofoundationmdd.pdb' was not found with 'PocoFoundationmdd.lib(ErrorHandler.obj)' or at 'C:\Users\Public\Documents\of_v0.8.1_vs_release\apps\myApps\BrainwaveOSC\bin\pocofoundationmdd.pdb'; linking object as if no debug info
     1>PocoFoundationmdd.lib(Event.obj) : warning LNK4099: PDB 'pocofoundationmdd.pdb' was not found with 'PocoFoundationmdd.lib(Event.obj)' or at 'C:\Users\Public\Documents\of_v0.8.1_vs_release\apps\myApps\BrainwaveOSC\bin\pocofoundationmdd.pdb'; linking object as if no debug info
     1>PocoFoundationmdd.lib(Mutex.obj) : warning LNK4099: PDB 'pocofoundationmdd.pdb' was not found with 'PocoFoundationmdd.lib(Mutex.obj)' or at 'C:\Users\Public\Documents\of_v0.8.1_vs_release\apps\myApps\BrainwaveOSC\bin\pocofoundationmdd.pdb'; linking object as if no debug info
     1>PocoFoundationmdd.lib(Runnable.obj) : warning LNK4099: PDB 'pocofoundationmdd.pdb' was not found with 'PocoFoundationmdd.lib(Runnable.obj)' or at 'C:\Users\Public\Documents\of_v0.8.1_vs_release\apps\myApps\BrainwaveOSC\bin\pocofoundationmdd.pdb'; linking object as if no debug info
     1>PocoFoundationmdd.lib(RWLock.obj) : warning LNK4099: PDB 'pocofoundationmdd.pdb' was not found with 'PocoFoundationmdd.lib(RWLock.obj)' or at 'C:\Users\Public\Documents\of_v0.8.1_vs_release\apps\myApps\BrainwaveOSC\bin\pocofoundationmdd.pdb'; linking object as if no debug info
     1>PocoFoundationmdd.lib(Thread.obj) : warning LNK4099: PDB 'pocofoundationmdd.pdb' was not found with 'PocoFoundationmdd.lib(Thread.obj)' or at 'C:\Users\Public\Documents\of_v0.8.1_vs_release\apps\myApps\BrainwaveOSC\bin\pocofoundationmdd.pdb'; linking object as if no debug info
     1>PocoFoundationmdd.lib(ThreadLocal.obj) : warning LNK4099: PDB 'pocofoundationmdd.pdb' was not found with 'PocoFoundationmdd.lib(ThreadLocal.obj)' or at 'C:\Users\Public\Documents\of_v0.8.1_vs_release\apps\myApps\BrainwaveOSC\bin\pocofoundationmdd.pdb'; linking object as if no debug info
     1>PocoFoundationmdd.lib(DigestEngine.obj) : warning LNK4099: PDB 'pocofoundationmdd.pdb' was not found with 'PocoFoundationmdd.lib(DigestEngine.obj)' or at 'C:\Users\Public\Documents\of_v0.8.1_vs_release\apps\myApps\BrainwaveOSC\bin\pocofoundationmdd.pdb'; linking object as if no debug info
     1>PocoFoundationmdd.lib(MD5Engine.obj) : warning LNK4099: PDB 'pocofoundationmdd.pdb' was not found with 'PocoFoundationmdd.lib(MD5Engine.obj)' or at 'C:\Users\Public\Documents\of_v0.8.1_vs_release\apps\myApps\BrainwaveOSC\bin\pocofoundationmdd.pdb'; linking object as if no debug info
     1>PocoFoundationmdd.lib(RandomStream.obj) : warning LNK4099: PDB 'pocofoundationmdd.pdb' was not found with 'PocoFoundationmdd.lib(RandomStream.obj)' or at 'C:\Users\Public\Documents\of_v0.8.1_vs_release\apps\myApps\BrainwaveOSC\bin\pocofoundationmdd.pdb'; linking object as if no debug info
     1>PocoFoundationmdd.lib(RegularExpression.obj) : warning LNK4099: PDB 'pocofoundationmdd.pdb' was not found with 'PocoFoundationmdd.lib(RegularExpression.obj)' or at 'C:\Users\Public\Documents\of_v0.8.1_vs_release\apps\myApps\BrainwaveOSC\bin\pocofoundationmdd.pdb'; linking object as if no debug info
     1>PocoFoundationmdd.lib(pcre_chartables.obj) : warning LNK4099: PDB 'pocofoundationmdd.pdb' was not found with 'PocoFoundationmdd.lib(pcre_chartables.obj)' or at 'C:\Users\Public\Documents\of_v0.8.1_vs_release\apps\myApps\BrainwaveOSC\bin\pocofoundationmdd.pdb'; linking object as if no debug info
     1>PocoFoundationmdd.lib(pcre_compile.obj) : warning LNK4099: PDB 'pocofoundationmdd.pdb' was not found with 'PocoFoundationmdd.lib(pcre_compile.obj)' or at 'C:\Users\Public\Documents\of_v0.8.1_vs_release\apps\myApps\BrainwaveOSC\bin\pocofoundationmdd.pdb'; linking object as if no debug info
     1>PocoFoundationmdd.lib(pcre_exec.obj) : warning LNK4099: PDB 'pocofoundationmdd.pdb' was not found with 'PocoFoundationmdd.lib(pcre_exec.obj)' or at 'C:\Users\Public\Documents\of_v0.8.1_vs_release\apps\myApps\BrainwaveOSC\bin\pocofoundationmdd.pdb'; linking object as if no debug info
     1>PocoFoundationmdd.lib(pcre_fullinfo.obj) : warning LNK4099: PDB 'pocofoundationmdd.pdb' was not found with 'PocoFoundationmdd.lib(pcre_fullinfo.obj)' or at 'C:\Users\Public\Documents\of_v0.8.1_vs_release\apps\myApps\BrainwaveOSC\bin\pocofoundationmdd.pdb'; linking object as if no debug info
     1>PocoFoundationmdd.lib(pcre_globals.obj) : warning LNK4099: PDB 'pocofoundationmdd.pdb' was not found with 'PocoFoundationmdd.lib(pcre_globals.obj)' or at 'C:\Users\Public\Documents\of_v0.8.1_vs_release\apps\myApps\BrainwaveOSC\bin\pocofoundationmdd.pdb'; linking object as if no debug info
     1>PocoFoundationmdd.lib(pcre_newline.obj) : warning LNK4099: PDB 'pocofoundationmdd.pdb' was not found with 'PocoFoundationmdd.lib(pcre_newline.obj)' or at 'C:\Users\Public\Documents\of_v0.8.1_vs_release\apps\myApps\BrainwaveOSC\bin\pocofoundationmdd.pdb'; linking object as if no debug info
     1>PocoFoundationmdd.lib(pcre_ord2utf8.obj) : warning LNK4099: PDB 'pocofoundationmdd.pdb' was not found with 'PocoFoundationmdd.lib(pcre_ord2utf8.obj)' or at 'C:\Users\Public\Documents\of_v0.8.1_vs_release\apps\myApps\BrainwaveOSC\bin\pocofoundationmdd.pdb'; linking object as if no debug info
     1>PocoFoundationmdd.lib(pcre_study.obj) : warning LNK4099: PDB 'pocofoundationmdd.pdb' was not found with 'PocoFoundationmdd.lib(pcre_study.obj)' or at 'C:\Users\Public\Documents\of_v0.8.1_vs_release\apps\myApps\BrainwaveOSC\bin\pocofoundationmdd.pdb'; linking object as if no debug info
     1>PocoFoundationmdd.lib(pcre_tables.obj) : warning LNK4099: PDB 'pocofoundationmdd.pdb' was not found with 'PocoFoundationmdd.lib(pcre_tables.obj)' or at 'C:\Users\Public\Documents\of_v0.8.1_vs_release\apps\myApps\BrainwaveOSC\bin\pocofoundationmdd.pdb'; linking object as if no debug info
     1>PocoFoundationmdd.lib(pcre_try_flipped.obj) : warning LNK4099: PDB 'pocofoundationmdd.pdb' was not found with 'PocoFoundationmdd.lib(pcre_try_flipped.obj)' or at 'C:\Users\Public\Documents\of_v0.8.1_vs_release\apps\myApps\BrainwaveOSC\bin\pocofoundationmdd.pdb'; linking object as if no debug info
     1>PocoFoundationmdd.lib(pcre_ucd.obj) : warning LNK4099: PDB 'pocofoundationmdd.pdb' was not found with 'PocoFoundationmdd.lib(pcre_ucd.obj)' or at 'C:\Users\Public\Documents\of_v0.8.1_vs_release\apps\myApps\BrainwaveOSC\bin\pocofoundationmdd.pdb'; linking object as if no debug info
     1>PocoFoundationmdd.lib(pcre_valid_utf8.obj) : warning LNK4099: PDB 'pocofoundationmdd.pdb' was not found with 'PocoFoundationmdd.lib(pcre_valid_utf8.obj)' or at 'C:\Users\Public\Documents\of_v0.8.1_vs_release\apps\myApps\BrainwaveOSC\bin\pocofoundationmdd.pdb'; linking object as if no debug info
     1>PocoFoundationmdd.lib(pcre_xclass.obj) : warning LNK4099: PDB 'pocofoundationmdd.pdb' was not found with 'PocoFoundationmdd.lib(pcre_xclass.obj)' or at 'C:\Users\Public\Documents\of_v0.8.1_vs_release\apps\myApps\BrainwaveOSC\bin\pocofoundationmdd.pdb'; linking object as if no debug info
     1>PocoFoundationmdd.lib(ArchiveStrategy.obj) : warning LNK4099: PDB 'pocofoundationmdd.pdb' was not found with 'PocoFoundationmdd.lib(ArchiveStrategy.obj)' or at 'C:\Users\Public\Documents\of_v0.8.1_vs_release\apps\myApps\BrainwaveOSC\bin\pocofoundationmdd.pdb'; linking object as if no debug info
     1>PocoFoundationmdd.lib(AsyncChannel.obj) : warning LNK4099: PDB 'pocofoundationmdd.pdb' was not found with 'PocoFoundationmdd.lib(AsyncChannel.obj)' or at 'C:\Users\Public\Documents\of_v0.8.1_vs_release\apps\myApps\BrainwaveOSC\bin\pocofoundationmdd.pdb'; linking object as if no debug info
     1>PocoFoundationmdd.lib(Channel.obj) : warning LNK4099: PDB 'pocofoundationmdd.pdb' was not found with 'PocoFoundationmdd.lib(Channel.obj)' or at 'C:\Users\Public\Documents\of_v0.8.1_vs_release\apps\myApps\BrainwaveOSC\bin\pocofoundationmdd.pdb'; linking object as if no debug info
     1>PocoFoundationmdd.lib(Configurable.obj) : warning LNK4099: PDB 'pocofoundationmdd.pdb' was not found with 'PocoFoundationmdd.lib(Configurable.obj)' or at 'C:\Users\Public\Documents\of_v0.8.1_vs_release\apps\myApps\BrainwaveOSC\bin\pocofoundationmdd.pdb'; linking object as if no debug info
     1>PocoFoundationmdd.lib(ConsoleChannel.obj) : warning LNK4099: PDB 'pocofoundationmdd.pdb' was not found with 'PocoFoundationmdd.lib(ConsoleChannel.obj)' or at 'C:\Users\Public\Documents\of_v0.8.1_vs_release\apps\myApps\BrainwaveOSC\bin\pocofoundationmdd.pdb'; linking object as if no debug info
     1>PocoFoundationmdd.lib(EventLogChannel.obj) : warning LNK4099: PDB 'pocofoundationmdd.pdb' was not found with 'PocoFoundationmdd.lib(EventLogChannel.obj)' or at 'C:\Users\Public\Documents\of_v0.8.1_vs_release\apps\myApps\BrainwaveOSC\bin\pocofoundationmdd.pdb'; linking object as if no debug info
     1>PocoFoundationmdd.lib(FileChannel.obj) : warning LNK4099: PDB 'pocofoundationmdd.pdb' was not found with 'PocoFoundationmdd.lib(FileChannel.obj)' or at 'C:\Users\Public\Documents\of_v0.8.1_vs_release\apps\myApps\BrainwaveOSC\bin\pocofoundationmdd.pdb'; linking object as if no debug info
     1>PocoFoundationmdd.lib(Formatter.obj) : warning LNK4099: PDB 'pocofoundationmdd.pdb' was not found with 'PocoFoundationmdd.lib(Formatter.obj)' or at 'C:\Users\Public\Documents\of_v0.8.1_vs_release\apps\myApps\BrainwaveOSC\bin\pocofoundationmdd.pdb'; linking object as if no debug info
     1>PocoFoundationmdd.lib(FormattingChannel.obj) : warning LNK4099: PDB 'pocofoundationmdd.pdb' was not found with 'PocoFoundationmdd.lib(FormattingChannel.obj)' or at 'C:\Users\Public\Documents\of_v0.8.1_vs_release\apps\myApps\BrainwaveOSC\bin\pocofoundationmdd.pdb'; linking object as if no debug info
     1>PocoFoundationmdd.lib(LogFile.obj) : warning LNK4099: PDB 'pocofoundationmdd.pdb' was not found with 'PocoFoundationmdd.lib(LogFile.obj)' or at 'C:\Users\Public\Documents\of_v0.8.1_vs_release\apps\myApps\BrainwaveOSC\bin\pocofoundationmdd.pdb'; linking object as if no debug info
     1>PocoFoundationmdd.lib(Logger.obj) : warning LNK4099: PDB 'pocofoundationmdd.pdb' was not found with 'PocoFoundationmdd.lib(Logger.obj)' or at 'C:\Users\Public\Documents\of_v0.8.1_vs_release\apps\myApps\BrainwaveOSC\bin\pocofoundationmdd.pdb'; linking object as if no debug info
     1>PocoFoundationmdd.lib(LoggingFactory.obj) : warning LNK4099: PDB 'pocofoundationmdd.pdb' was not found with 'PocoFoundationmdd.lib(LoggingFactory.obj)' or at 'C:\Users\Public\Documents\of_v0.8.1_vs_release\apps\myApps\BrainwaveOSC\bin\pocofoundationmdd.pdb'; linking object as if no debug info
     1>PocoFoundationmdd.lib(LoggingRegistry.obj) : warning LNK4099: PDB 'pocofoundationmdd.pdb' was not found with 'PocoFoundationmdd.lib(LoggingRegistry.obj)' or at 'C:\Users\Public\Documents\of_v0.8.1_vs_release\apps\myApps\BrainwaveOSC\bin\pocofoundationmdd.pdb'; linking object as if no debug info
     1>PocoFoundationmdd.lib(Message.obj) : warning LNK4099: PDB 'pocofoundationmdd.pdb' was not found with 'PocoFoundationmdd.lib(Message.obj)' or at 'C:\Users\Public\Documents\of_v0.8.1_vs_release\apps\myApps\BrainwaveOSC\bin\pocofoundationmdd.pdb'; linking object as if no debug info
     1>PocoFoundationmdd.lib(NullChannel.obj) : warning LNK4099: PDB 'pocofoundationmdd.pdb' was not found with 'PocoFoundationmdd.lib(NullChannel.obj)' or at 'C:\Users\Public\Documents\of_v0.8.1_vs_release\apps\myApps\BrainwaveOSC\bin\pocofoundationmdd.pdb'; linking object as if no debug info
     1>PocoFoundationmdd.lib(PatternFormatter.obj) : warning LNK4099: PDB 'pocofoundationmdd.pdb' was not found with 'PocoFoundationmdd.lib(PatternFormatter.obj)' or at 'C:\Users\Public\Documents\of_v0.8.1_vs_release\apps\myApps\BrainwaveOSC\bin\pocofoundationmdd.pdb'; linking object as if no debug info
     1>PocoFoundationmdd.lib(PurgeStrategy.obj) : warning LNK4099: PDB 'pocofoundationmdd.pdb' was not found with 'PocoFoundationmdd.lib(PurgeStrategy.obj)' or at 'C:\Users\Public\Documents\of_v0.8.1_vs_release\apps\myApps\BrainwaveOSC\bin\pocofoundationmdd.pdb'; linking object as if no debug info
     1>PocoFoundationmdd.lib(RotateStrategy.obj) : warning LNK4099: PDB 'pocofoundationmdd.pdb' was not found with 'PocoFoundationmdd.lib(RotateStrategy.obj)' or at 'C:\Users\Public\Documents\of_v0.8.1_vs_release\apps\myApps\BrainwaveOSC\bin\pocofoundationmdd.pdb'; linking object as if no debug info
     1>PocoFoundationmdd.lib(SplitterChannel.obj) : warning LNK4099: PDB 'pocofoundationmdd.pdb' was not found with 'PocoFoundationmdd.lib(SplitterChannel.obj)' or at 'C:\Users\Public\Documents\of_v0.8.1_vs_release\apps\myApps\BrainwaveOSC\bin\pocofoundationmdd.pdb'; linking object as if no debug info
     1>PocoFoundationmdd.lib(WindowsConsoleChannel.obj) : warning LNK4099: PDB 'pocofoundationmdd.pdb' was not found with 'PocoFoundationmdd.lib(WindowsConsoleChannel.obj)' or at 'C:\Users\Public\Documents\of_v0.8.1_vs_release\apps\myApps\BrainwaveOSC\bin\pocofoundationmdd.pdb'; linking object as if no debug info
     1>PocoFoundationmdd.lib(Notification.obj) : warning LNK4099: PDB 'pocofoundationmdd.pdb' was not found with 'PocoFoundationmdd.lib(Notification.obj)' or at 'C:\Users\Public\Documents\of_v0.8.1_vs_release\apps\myApps\BrainwaveOSC\bin\pocofoundationmdd.pdb'; linking object as if no debug info
     1>PocoFoundationmdd.lib(NotificationCenter.obj) : warning LNK4099: PDB 'pocofoundationmdd.pdb' was not found with 'PocoFoundationmdd.lib(NotificationCenter.obj)' or at 'C:\Users\Public\Documents\of_v0.8.1_vs_release\apps\myApps\BrainwaveOSC\bin\pocofoundationmdd.pdb'; linking object as if no debug info
     1>PocoFoundationmdd.lib(NotificationQueue.obj) : warning LNK4099: PDB 'pocofoundationmdd.pdb' was not found with 'PocoFoundationmdd.lib(NotificationQueue.obj)' or at 'C:\Users\Public\Documents\of_v0.8.1_vs_release\apps\myApps\BrainwaveOSC\bin\pocofoundationmdd.pdb'; linking object as if no debug info
     1>PocoFoundationmdd.lib(DirectoryIterator.obj) : warning LNK4099: PDB 'pocofoundationmdd.pdb' was not found with 'PocoFoundationmdd.lib(DirectoryIterator.obj)' or at 'C:\Users\Public\Documents\of_v0.8.1_vs_release\apps\myApps\BrainwaveOSC\bin\pocofoundationmdd.pdb'; linking object as if no debug info
     1>PocoFoundationmdd.lib(File.obj) : warning LNK4099: PDB 'pocofoundationmdd.pdb' was not found with 'PocoFoundationmdd.lib(File.obj)' or at 'C:\Users\Public\Documents\of_v0.8.1_vs_release\apps\myApps\BrainwaveOSC\bin\pocofoundationmdd.pdb'; linking object as if no debug info
     1>PocoFoundationmdd.lib(Path.obj) : warning LNK4099: PDB 'pocofoundationmdd.pdb' was not found with 'PocoFoundationmdd.lib(Path.obj)' or at 'C:\Users\Public\Documents\of_v0.8.1_vs_release\apps\myApps\BrainwaveOSC\bin\pocofoundationmdd.pdb'; linking object as if no debug info
     1>PocoFoundationmdd.lib(NamedEvent.obj) : warning LNK4099: PDB 'pocofoundationmdd.pdb' was not found with 'PocoFoundationmdd.lib(NamedEvent.obj)' or at 'C:\Users\Public\Documents\of_v0.8.1_vs_release\apps\myApps\BrainwaveOSC\bin\pocofoundationmdd.pdb'; linking object as if no debug info
     1>PocoFoundationmdd.lib(Pipe.obj) : warning LNK4099: PDB 'pocofoundationmdd.pdb' was not found with 'PocoFoundationmdd.lib(Pipe.obj)' or at 'C:\Users\Public\Documents\of_v0.8.1_vs_release\apps\myApps\BrainwaveOSC\bin\pocofoundationmdd.pdb'; linking object as if no debug info
     1>PocoFoundationmdd.lib(PipeImpl.obj) : warning LNK4099: PDB 'pocofoundationmdd.pdb' was not found with 'PocoFoundationmdd.lib(PipeImpl.obj)' or at 'C:\Users\Public\Documents\of_v0.8.1_vs_release\apps\myApps\BrainwaveOSC\bin\pocofoundationmdd.pdb'; linking object as if no debug info
     1>PocoFoundationmdd.lib(Process.obj) : warning LNK4099: PDB 'pocofoundationmdd.pdb' was not found with 'PocoFoundationmdd.lib(Process.obj)' or at 'C:\Users\Public\Documents\of_v0.8.1_vs_release\apps\myApps\BrainwaveOSC\bin\pocofoundationmdd.pdb'; linking object as if no debug info
     1>PocoFoundationmdd.lib(DateTime.obj) : warning LNK4099: PDB 'pocofoundationmdd.pdb' was not found with 'PocoFoundationmdd.lib(DateTime.obj)' or at 'C:\Users\Public\Documents\of_v0.8.1_vs_release\apps\myApps\BrainwaveOSC\bin\pocofoundationmdd.pdb'; linking object as if no debug info
     1>PocoFoundationmdd.lib(DateTimeFormat.obj) : warning LNK4099: PDB 'pocofoundationmdd.pdb' was not found with 'PocoFoundationmdd.lib(DateTimeFormat.obj)' or at 'C:\Users\Public\Documents\of_v0.8.1_vs_release\apps\myApps\BrainwaveOSC\bin\pocofoundationmdd.pdb'; linking object as if no debug info
     1>PocoFoundationmdd.lib(DateTimeFormatter.obj) : warning LNK4099: PDB 'pocofoundationmdd.pdb' was not found with 'PocoFoundationmdd.lib(DateTimeFormatter.obj)' or at 'C:\Users\Public\Documents\of_v0.8.1_vs_release\apps\myApps\BrainwaveOSC\bin\pocofoundationmdd.pdb'; linking object as if no debug info
     1>PocoFoundationmdd.lib(DateTimeParser.obj) : warning LNK4099: PDB 'pocofoundationmdd.pdb' was not found with 'PocoFoundationmdd.lib(DateTimeParser.obj)' or at 'C:\Users\Public\Documents\of_v0.8.1_vs_release\apps\myApps\BrainwaveOSC\bin\pocofoundationmdd.pdb'; linking object as if no debug info
     1>PocoFoundationmdd.lib(LocalDateTime.obj) : warning LNK4099: PDB 'pocofoundationmdd.pdb' was not found with 'PocoFoundationmdd.lib(LocalDateTime.obj)' or at 'C:\Users\Public\Documents\of_v0.8.1_vs_release\apps\myApps\BrainwaveOSC\bin\pocofoundationmdd.pdb'; linking object as if no debug info
     1>PocoFoundationmdd.lib(Timespan.obj) : warning LNK4099: PDB 'pocofoundationmdd.pdb' was not found with 'PocoFoundationmdd.lib(Timespan.obj)' or at 'C:\Users\Public\Documents\of_v0.8.1_vs_release\apps\myApps\BrainwaveOSC\bin\pocofoundationmdd.pdb'; linking object as if no debug info
     1>PocoFoundationmdd.lib(Timestamp.obj) : warning LNK4099: PDB 'pocofoundationmdd.pdb' was not found with 'PocoFoundationmdd.lib(Timestamp.obj)' or at 'C:\Users\Public\Documents\of_v0.8.1_vs_release\apps\myApps\BrainwaveOSC\bin\pocofoundationmdd.pdb'; linking object as if no debug info
     1>PocoFoundationmdd.lib(Timezone.obj) : warning LNK4099: PDB 'pocofoundationmdd.pdb' was not found with 'PocoFoundationmdd.lib(Timezone.obj)' or at 'C:\Users\Public\Documents\of_v0.8.1_vs_release\apps\myApps\BrainwaveOSC\bin\pocofoundationmdd.pdb'; linking object as if no debug info
     1>PocoFoundationmdd.lib(ASCIIEncoding.obj) : warning LNK4099: PDB 'pocofoundationmdd.pdb' was not found with 'PocoFoundationmdd.lib(ASCIIEncoding.obj)' or at 'C:\Users\Public\Documents\of_v0.8.1_vs_release\apps\myApps\BrainwaveOSC\bin\pocofoundationmdd.pdb'; linking object as if no debug info
     1>PocoFoundationmdd.lib(Latin1Encoding.obj) : warning LNK4099: PDB 'pocofoundationmdd.pdb' was not found with 'PocoFoundationmdd.lib(Latin1Encoding.obj)' or at 'C:\Users\Public\Documents\of_v0.8.1_vs_release\apps\myApps\BrainwaveOSC\bin\pocofoundationmdd.pdb'; linking object as if no debug info
     1>PocoFoundationmdd.lib(Latin9Encoding.obj) : warning LNK4099: PDB 'pocofoundationmdd.pdb' was not found with 'PocoFoundationmdd.lib(Latin9Encoding.obj)' or at 'C:\Users\Public\Documents\of_v0.8.1_vs_release\apps\myApps\BrainwaveOSC\bin\pocofoundationmdd.pdb'; linking object as if no debug info
     1>PocoFoundationmdd.lib(StreamConverter.obj) : warning LNK4099: PDB 'pocofoundationmdd.pdb' was not found with 'PocoFoundationmdd.lib(StreamConverter.obj)' or at 'C:\Users\Public\Documents\of_v0.8.1_vs_release\apps\myApps\BrainwaveOSC\bin\pocofoundationmdd.pdb'; linking object as if no debug info
     1>PocoFoundationmdd.lib(TextConverter.obj) : warning LNK4099: PDB 'pocofoundationmdd.pdb' was not found with 'PocoFoundationmdd.lib(TextConverter.obj)' or at 'C:\Users\Public\Documents\of_v0.8.1_vs_release\apps\myApps\BrainwaveOSC\bin\pocofoundationmdd.pdb'; linking object as if no debug info
     1>PocoFoundationmdd.lib(TextEncoding.obj) : warning LNK4099: PDB 'pocofoundationmdd.pdb' was not found with 'PocoFoundationmdd.lib(TextEncoding.obj)' or at 'C:\Users\Public\Documents\of_v0.8.1_vs_release\apps\myApps\BrainwaveOSC\bin\pocofoundationmdd.pdb'; linking object as if no debug info
     1>PocoFoundationmdd.lib(TextIterator.obj) : warning LNK4099: PDB 'pocofoundationmdd.pdb' was not found with 'PocoFoundationmdd.lib(TextIterator.obj)' or at 'C:\Users\Public\Documents\of_v0.8.1_vs_release\apps\myApps\BrainwaveOSC\bin\pocofoundationmdd.pdb'; linking object as if no debug info
     1>PocoFoundationmdd.lib(UnicodeConverter.obj) : warning LNK4099: PDB 'pocofoundationmdd.pdb' was not found with 'PocoFoundationmdd.lib(UnicodeConverter.obj)' or at 'C:\Users\Public\Documents\of_v0.8.1_vs_release\apps\myApps\BrainwaveOSC\bin\pocofoundationmdd.pdb'; linking object as if no debug info
     1>PocoFoundationmdd.lib(UTF16Encoding.obj) : warning LNK4099: PDB 'pocofoundationmdd.pdb' was not found with 'PocoFoundationmdd.lib(UTF16Encoding.obj)' or at 'C:\Users\Public\Documents\of_v0.8.1_vs_release\apps\myApps\BrainwaveOSC\bin\pocofoundationmdd.pdb'; linking object as if no debug info
     1>PocoFoundationmdd.lib(UTF8Encoding.obj) : warning LNK4099: PDB 'pocofoundationmdd.pdb' was not found with 'PocoFoundationmdd.lib(UTF8Encoding.obj)' or at 'C:\Users\Public\Documents\of_v0.8.1_vs_release\apps\myApps\BrainwaveOSC\bin\pocofoundationmdd.pdb'; linking object as if no debug info
     1>PocoFoundationmdd.lib(Windows1252Encoding.obj) : warning LNK4099: PDB 'pocofoundationmdd.pdb' was not found with 'PocoFoundationmdd.lib(Windows1252Encoding.obj)' or at 'C:\Users\Public\Documents\of_v0.8.1_vs_release\apps\myApps\BrainwaveOSC\bin\pocofoundationmdd.pdb'; linking object as if no debug info
     1>PocoFoundationmdd.lib(FileStreamFactory.obj) : warning LNK4099: PDB 'pocofoundationmdd.pdb' was not found with 'PocoFoundationmdd.lib(FileStreamFactory.obj)' or at 'C:\Users\Public\Documents\of_v0.8.1_vs_release\apps\myApps\BrainwaveOSC\bin\pocofoundationmdd.pdb'; linking object as if no debug info
     1>PocoFoundationmdd.lib(URI.obj) : warning LNK4099: PDB 'pocofoundationmdd.pdb' was not found with 'PocoFoundationmdd.lib(URI.obj)' or at 'C:\Users\Public\Documents\of_v0.8.1_vs_release\apps\myApps\BrainwaveOSC\bin\pocofoundationmdd.pdb'; linking object as if no debug info
     1>PocoFoundationmdd.lib(URIStreamFactory.obj) : warning LNK4099: PDB 'pocofoundationmdd.pdb' was not found with 'PocoFoundationmdd.lib(URIStreamFactory.obj)' or at 'C:\Users\Public\Documents\of_v0.8.1_vs_release\apps\myApps\BrainwaveOSC\bin\pocofoundationmdd.pdb'; linking object as if no debug info
     1>PocoFoundationmdd.lib(URIStreamOpener.obj) : warning LNK4099: PDB 'pocofoundationmdd.pdb' was not found with 'PocoFoundationmdd.lib(URIStreamOpener.obj)' or at 'C:\Users\Public\Documents\of_v0.8.1_vs_release\apps\myApps\BrainwaveOSC\bin\pocofoundationmdd.pdb'; linking object as if no debug info
     1>PocoNetmdd.lib(DNS.obj) : warning LNK4099: PDB 'poconetmdd.pdb' was not found with 'PocoNetmdd.lib(DNS.obj)' or at 'C:\Users\Public\Documents\of_v0.8.1_vs_release\apps\myApps\BrainwaveOSC\bin\poconetmdd.pdb'; linking object as if no debug info
     1>PocoNetmdd.lib(HostEntry.obj) : warning LNK4099: PDB 'poconetmdd.pdb' was not found with 'PocoNetmdd.lib(HostEntry.obj)' or at 'C:\Users\Public\Documents\of_v0.8.1_vs_release\apps\myApps\BrainwaveOSC\bin\poconetmdd.pdb'; linking object as if no debug info
     1>PocoNetmdd.lib(IPAddress.obj) : warning LNK4099: PDB 'poconetmdd.pdb' was not found with 'PocoNetmdd.lib(IPAddress.obj)' or at 'C:\Users\Public\Documents\of_v0.8.1_vs_release\apps\myApps\BrainwaveOSC\bin\poconetmdd.pdb'; linking object as if no debug info
     1>PocoNetmdd.lib(NetException.obj) : warning LNK4099: PDB 'poconetmdd.pdb' was not found with 'PocoNetmdd.lib(NetException.obj)' or at 'C:\Users\Public\Documents\of_v0.8.1_vs_release\apps\myApps\BrainwaveOSC\bin\poconetmdd.pdb'; linking object as if no debug info
     1>PocoNetmdd.lib(SocketAddress.obj) : warning LNK4099: PDB 'poconetmdd.pdb' was not found with 'PocoNetmdd.lib(SocketAddress.obj)' or at 'C:\Users\Public\Documents\of_v0.8.1_vs_release\apps\myApps\BrainwaveOSC\bin\poconetmdd.pdb'; linking object as if no debug info
     1>PocoNetmdd.lib(Socket.obj) : warning LNK4099: PDB 'poconetmdd.pdb' was not found with 'PocoNetmdd.lib(Socket.obj)' or at 'C:\Users\Public\Documents\of_v0.8.1_vs_release\apps\myApps\BrainwaveOSC\bin\poconetmdd.pdb'; linking object as if no debug info
     1>PocoNetmdd.lib(SocketImpl.obj) : warning LNK4099: PDB 'poconetmdd.pdb' was not found with 'PocoNetmdd.lib(SocketImpl.obj)' or at 'C:\Users\Public\Documents\of_v0.8.1_vs_release\apps\myApps\BrainwaveOSC\bin\poconetmdd.pdb'; linking object as if no debug info
     1>PocoNetmdd.lib(StreamSocket.obj) : warning LNK4099: PDB 'poconetmdd.pdb' was not found with 'PocoNetmdd.lib(StreamSocket.obj)' or at 'C:\Users\Public\Documents\of_v0.8.1_vs_release\apps\myApps\BrainwaveOSC\bin\poconetmdd.pdb'; linking object as if no debug info
     1>PocoNetmdd.lib(StreamSocketImpl.obj) : warning LNK4099: PDB 'poconetmdd.pdb' was not found with 'PocoNetmdd.lib(StreamSocketImpl.obj)' or at 'C:\Users\Public\Documents\of_v0.8.1_vs_release\apps\myApps\BrainwaveOSC\bin\poconetmdd.pdb'; linking object as if no debug info
     1>PocoNetmdd.lib(MediaType.obj) : warning LNK4099: PDB 'poconetmdd.pdb' was not found with 'PocoNetmdd.lib(MediaType.obj)' or at 'C:\Users\Public\Documents\of_v0.8.1_vs_release\apps\myApps\BrainwaveOSC\bin\poconetmdd.pdb'; linking object as if no debug info
     1>PocoNetmdd.lib(MessageHeader.obj) : warning LNK4099: PDB 'poconetmdd.pdb' was not found with 'PocoNetmdd.lib(MessageHeader.obj)' or at 'C:\Users\Public\Documents\of_v0.8.1_vs_release\apps\myApps\BrainwaveOSC\bin\poconetmdd.pdb'; linking object as if no debug info
     1>PocoNetmdd.lib(NameValueCollection.obj) : warning LNK4099: PDB 'poconetmdd.pdb' was not found with 'PocoNetmdd.lib(NameValueCollection.obj)' or at 'C:\Users\Public\Documents\of_v0.8.1_vs_release\apps\myApps\BrainwaveOSC\bin\poconetmdd.pdb'; linking object as if no debug info
     1>PocoNetmdd.lib(HTTPAuthenticationParams.obj) : warning LNK4099: PDB 'poconetmdd.pdb' was not found with 'PocoNetmdd.lib(HTTPAuthenticationParams.obj)' or at 'C:\Users\Public\Documents\of_v0.8.1_vs_release\apps\myApps\BrainwaveOSC\bin\poconetmdd.pdb'; linking object as if no debug info
     1>PocoNetmdd.lib(HTTPBasicCredentials.obj) : warning LNK4099: PDB 'poconetmdd.pdb' was not found with 'PocoNetmdd.lib(HTTPBasicCredentials.obj)' or at 'C:\Users\Public\Documents\of_v0.8.1_vs_release\apps\myApps\BrainwaveOSC\bin\poconetmdd.pdb'; linking object as if no debug info
     1>PocoNetmdd.lib(HTTPBufferAllocator.obj) : warning LNK4099: PDB 'poconetmdd.pdb' was not found with 'PocoNetmdd.lib(HTTPBufferAllocator.obj)' or at 'C:\Users\Public\Documents\of_v0.8.1_vs_release\apps\myApps\BrainwaveOSC\bin\poconetmdd.pdb'; linking object as if no debug info
     1>PocoNetmdd.lib(HTTPChunkedStream.obj) : warning LNK4099: PDB 'poconetmdd.pdb' was not found with 'PocoNetmdd.lib(HTTPChunkedStream.obj)' or at 'C:\Users\Public\Documents\of_v0.8.1_vs_release\apps\myApps\BrainwaveOSC\bin\poconetmdd.pdb'; linking object as if no debug info
     1>PocoNetmdd.lib(HTTPCookie.obj) : warning LNK4099: PDB 'poconetmdd.pdb' was not found with 'PocoNetmdd.lib(HTTPCookie.obj)' or at 'C:\Users\Public\Documents\of_v0.8.1_vs_release\apps\myApps\BrainwaveOSC\bin\poconetmdd.pdb'; linking object as if no debug info
     1>PocoNetmdd.lib(HTTPCredentials.obj) : warning LNK4099: PDB 'poconetmdd.pdb' was not found with 'PocoNetmdd.lib(HTTPCredentials.obj)' or at 'C:\Users\Public\Documents\of_v0.8.1_vs_release\apps\myApps\BrainwaveOSC\bin\poconetmdd.pdb'; linking object as if no debug info
     1>PocoNetmdd.lib(HTTPDigestCredentials.obj) : warning LNK4099: PDB 'poconetmdd.pdb' was not found with 'PocoNetmdd.lib(HTTPDigestCredentials.obj)' or at 'C:\Users\Public\Documents\of_v0.8.1_vs_release\apps\myApps\BrainwaveOSC\bin\poconetmdd.pdb'; linking object as if no debug info
     1>PocoNetmdd.lib(HTTPFixedLengthStream.obj) : warning LNK4099: PDB 'poconetmdd.pdb' was not found with 'PocoNetmdd.lib(HTTPFixedLengthStream.obj)' or at 'C:\Users\Public\Documents\of_v0.8.1_vs_release\apps\myApps\BrainwaveOSC\bin\poconetmdd.pdb'; linking object as if no debug info
     1>PocoNetmdd.lib(HTTPHeaderStream.obj) : warning LNK4099: PDB 'poconetmdd.pdb' was not found with 'PocoNetmdd.lib(HTTPHeaderStream.obj)' or at 'C:\Users\Public\Documents\of_v0.8.1_vs_release\apps\myApps\BrainwaveOSC\bin\poconetmdd.pdb'; linking object as if no debug info
     1>PocoNetmdd.lib(HTTPMessage.obj) : warning LNK4099: PDB 'poconetmdd.pdb' was not found with 'PocoNetmdd.lib(HTTPMessage.obj)' or at 'C:\Users\Public\Documents\of_v0.8.1_vs_release\apps\myApps\BrainwaveOSC\bin\poconetmdd.pdb'; linking object as if no debug info
     1>PocoNetmdd.lib(HTTPRequest.obj) : warning LNK4099: PDB 'poconetmdd.pdb' was not found with 'PocoNetmdd.lib(HTTPRequest.obj)' or at 'C:\Users\Public\Documents\of_v0.8.1_vs_release\apps\myApps\BrainwaveOSC\bin\poconetmdd.pdb'; linking object as if no debug info
     1>PocoNetmdd.lib(HTTPResponse.obj) : warning LNK4099: PDB 'poconetmdd.pdb' was not found with 'PocoNetmdd.lib(HTTPResponse.obj)' or at 'C:\Users\Public\Documents\of_v0.8.1_vs_release\apps\myApps\BrainwaveOSC\bin\poconetmdd.pdb'; linking object as if no debug info
     1>PocoNetmdd.lib(HTTPSession.obj) : warning LNK4099: PDB 'poconetmdd.pdb' was not found with 'PocoNetmdd.lib(HTTPSession.obj)' or at 'C:\Users\Public\Documents\of_v0.8.1_vs_release\apps\myApps\BrainwaveOSC\bin\poconetmdd.pdb'; linking object as if no debug info
     1>PocoNetmdd.lib(HTTPStream.obj) : warning LNK4099: PDB 'poconetmdd.pdb' was not found with 'PocoNetmdd.lib(HTTPStream.obj)' or at 'C:\Users\Public\Documents\of_v0.8.1_vs_release\apps\myApps\BrainwaveOSC\bin\poconetmdd.pdb'; linking object as if no debug info
     1>PocoNetmdd.lib(HTTPClientSession.obj) : warning LNK4099: PDB 'poconetmdd.pdb' was not found with 'PocoNetmdd.lib(HTTPClientSession.obj)' or at 'C:\Users\Public\Documents\of_v0.8.1_vs_release\apps\myApps\BrainwaveOSC\bin\poconetmdd.pdb'; linking object as if no debug info
     1>PocoNetmdd.lib(HTTPIOStream.obj) : warning LNK4099: PDB 'poconetmdd.pdb' was not found with 'PocoNetmdd.lib(HTTPIOStream.obj)' or at 'C:\Users\Public\Documents\of_v0.8.1_vs_release\apps\myApps\BrainwaveOSC\bin\poconetmdd.pdb'; linking object as if no debug info
     1>PocoNetmdd.lib(HTTPStreamFactory.obj) : warning LNK4099: PDB 'poconetmdd.pdb' was not found with 'PocoNetmdd.lib(HTTPStreamFactory.obj)' or at 'C:\Users\Public\Documents\of_v0.8.1_vs_release\apps\myApps\BrainwaveOSC\bin\poconetmdd.pdb'; linking object as if no debug info
     1>PocoUtilmdd.lib(Application.obj) : warning LNK4099: PDB 'pocoutilmdd.pdb' was not found with 'PocoUtilmdd.lib(Application.obj)' or at 'C:\Users\Public\Documents\of_v0.8.1_vs_release\apps\myApps\BrainwaveOSC\bin\pocoutilmdd.pdb'; linking object as if no debug info
     1>PocoUtilmdd.lib(LoggingSubsystem.obj) : warning LNK4099: PDB 'pocoutilmdd.pdb' was not found with 'PocoUtilmdd.lib(LoggingSubsystem.obj)' or at 'C:\Users\Public\Documents\of_v0.8.1_vs_release\apps\myApps\BrainwaveOSC\bin\pocoutilmdd.pdb'; linking object as if no debug info
     1>PocoUtilmdd.lib(Subsystem.obj) : warning LNK4099: PDB 'pocoutilmdd.pdb' was not found with 'PocoUtilmdd.lib(Subsystem.obj)' or at 'C:\Users\Public\Documents\of_v0.8.1_vs_release\apps\myApps\BrainwaveOSC\bin\pocoutilmdd.pdb'; linking object as if no debug info
     1>PocoUtilmdd.lib(AbstractConfiguration.obj) : warning LNK4099: PDB 'pocoutilmdd.pdb' was not found with 'PocoUtilmdd.lib(AbstractConfiguration.obj)' or at 'C:\Users\Public\Documents\of_v0.8.1_vs_release\apps\myApps\BrainwaveOSC\bin\pocoutilmdd.pdb'; linking object as if no debug info
     1>PocoUtilmdd.lib(ConfigurationView.obj) : warning LNK4099: PDB 'pocoutilmdd.pdb' was not found with 'PocoUtilmdd.lib(ConfigurationView.obj)' or at 'C:\Users\Public\Documents\of_v0.8.1_vs_release\apps\myApps\BrainwaveOSC\bin\pocoutilmdd.pdb'; linking object as if no debug info
     1>PocoUtilmdd.lib(IniFileConfiguration.obj) : warning LNK4099: PDB 'pocoutilmdd.pdb' was not found with 'PocoUtilmdd.lib(IniFileConfiguration.obj)' or at 'C:\Users\Public\Documents\of_v0.8.1_vs_release\apps\myApps\BrainwaveOSC\bin\pocoutilmdd.pdb'; linking object as if no debug info
     1>PocoUtilmdd.lib(LayeredConfiguration.obj) : warning LNK4099: PDB 'pocoutilmdd.pdb' was not found with 'PocoUtilmdd.lib(LayeredConfiguration.obj)' or at 'C:\Users\Public\Documents\of_v0.8.1_vs_release\apps\myApps\BrainwaveOSC\bin\pocoutilmdd.pdb'; linking object as if no debug info
     1>PocoUtilmdd.lib(LoggingConfigurator.obj) : warning LNK4099: PDB 'pocoutilmdd.pdb' was not found with 'PocoUtilmdd.lib(LoggingConfigurator.obj)' or at 'C:\Users\Public\Documents\of_v0.8.1_vs_release\apps\myApps\BrainwaveOSC\bin\pocoutilmdd.pdb'; linking object as if no debug info
     1>PocoUtilmdd.lib(MapConfiguration.obj) : warning LNK4099: PDB 'pocoutilmdd.pdb' was not found with 'PocoUtilmdd.lib(MapConfiguration.obj)' or at 'C:\Users\Public\Documents\of_v0.8.1_vs_release\apps\myApps\BrainwaveOSC\bin\pocoutilmdd.pdb'; linking object as if no debug info
     1>PocoUtilmdd.lib(PropertyFileConfiguration.obj) : warning LNK4099: PDB 'pocoutilmdd.pdb' was not found with 'PocoUtilmdd.lib(PropertyFileConfiguration.obj)' or at 'C:\Users\Public\Documents\of_v0.8.1_vs_release\apps\myApps\BrainwaveOSC\bin\pocoutilmdd.pdb'; linking object as if no debug info
     1>PocoUtilmdd.lib(SystemConfiguration.obj) : warning LNK4099: PDB 'pocoutilmdd.pdb' was not found with 'PocoUtilmdd.lib(SystemConfiguration.obj)' or at 'C:\Users\Public\Documents\of_v0.8.1_vs_release\apps\myApps\BrainwaveOSC\bin\pocoutilmdd.pdb'; linking object as if no debug info
     1>PocoUtilmdd.lib(XMLConfiguration.obj) : warning LNK4099: PDB 'pocoutilmdd.pdb' was not found with 'PocoUtilmdd.lib(XMLConfiguration.obj)' or at 'C:\Users\Public\Documents\of_v0.8.1_vs_release\apps\myApps\BrainwaveOSC\bin\pocoutilmdd.pdb'; linking object as if no debug info
     1>PocoUtilmdd.lib(Option.obj) : warning LNK4099: PDB 'pocoutilmdd.pdb' was not found with 'PocoUtilmdd.lib(Option.obj)' or at 'C:\Users\Public\Documents\of_v0.8.1_vs_release\apps\myApps\BrainwaveOSC\bin\pocoutilmdd.pdb'; linking object as if no debug info
     1>PocoUtilmdd.lib(OptionException.obj) : warning LNK4099: PDB 'pocoutilmdd.pdb' was not found with 'PocoUtilmdd.lib(OptionException.obj)' or at 'C:\Users\Public\Documents\of_v0.8.1_vs_release\apps\myApps\BrainwaveOSC\bin\pocoutilmdd.pdb'; linking object as if no debug info
     1>PocoUtilmdd.lib(OptionProcessor.obj) : warning LNK4099: PDB 'pocoutilmdd.pdb' was not found with 'PocoUtilmdd.lib(OptionProcessor.obj)' or at 'C:\Users\Public\Documents\of_v0.8.1_vs_release\apps\myApps\BrainwaveOSC\bin\pocoutilmdd.pdb'; linking object as if no debug info
     1>PocoUtilmdd.lib(OptionSet.obj) : warning LNK4099: PDB 'pocoutilmdd.pdb' was not found with 'PocoUtilmdd.lib(OptionSet.obj)' or at 'C:\Users\Public\Documents\of_v0.8.1_vs_release\apps\myApps\BrainwaveOSC\bin\pocoutilmdd.pdb'; linking object as if no debug info
     1>PocoXMLmdd.lib(Name.obj) : warning LNK4099: PDB 'pocoxmlmdd.pdb' was not found with 'PocoXMLmdd.lib(Name.obj)' or at 'C:\Users\Public\Documents\of_v0.8.1_vs_release\apps\myApps\BrainwaveOSC\bin\pocoxmlmdd.pdb'; linking object as if no debug info
     1>PocoXMLmdd.lib(NamePool.obj) : warning LNK4099: PDB 'pocoxmlmdd.pdb' was not found with 'PocoXMLmdd.lib(NamePool.obj)' or at 'C:\Users\Public\Documents\of_v0.8.1_vs_release\apps\myApps\BrainwaveOSC\bin\pocoxmlmdd.pdb'; linking object as if no debug info
     1>PocoXMLmdd.lib(NamespaceStrategy.obj) : warning LNK4099: PDB 'pocoxmlmdd.pdb' was not found with 'PocoXMLmdd.lib(NamespaceStrategy.obj)' or at 'C:\Users\Public\Documents\of_v0.8.1_vs_release\apps\myApps\BrainwaveOSC\bin\pocoxmlmdd.pdb'; linking object as if no debug info
     1>PocoXMLmdd.lib(ParserEngine.obj) : warning LNK4099: PDB 'pocoxmlmdd.pdb' was not found with 'PocoXMLmdd.lib(ParserEngine.obj)' or at 'C:\Users\Public\Documents\of_v0.8.1_vs_release\apps\myApps\BrainwaveOSC\bin\pocoxmlmdd.pdb'; linking object as if no debug info
     1>PocoXMLmdd.lib(XMLException.obj) : warning LNK4099: PDB 'pocoxmlmdd.pdb' was not found with 'PocoXMLmdd.lib(XMLException.obj)' or at 'C:\Users\Public\Documents\of_v0.8.1_vs_release\apps\myApps\BrainwaveOSC\bin\pocoxmlmdd.pdb'; linking object as if no debug info
     1>PocoXMLmdd.lib(XMLWriter.obj) : warning LNK4099: PDB 'pocoxmlmdd.pdb' was not found with 'PocoXMLmdd.lib(XMLWriter.obj)' or at 'C:\Users\Public\Documents\of_v0.8.1_vs_release\apps\myApps\BrainwaveOSC\bin\pocoxmlmdd.pdb'; linking object as if no debug info
     1>PocoXMLmdd.lib(Attributes.obj) : warning LNK4099: PDB 'pocoxmlmdd.pdb' was not found with 'PocoXMLmdd.lib(Attributes.obj)' or at 'C:\Users\Public\Documents\of_v0.8.1_vs_release\apps\myApps\BrainwaveOSC\bin\pocoxmlmdd.pdb'; linking object as if no debug info
     1>PocoXMLmdd.lib(AttributesImpl.obj) : warning LNK4099: PDB 'pocoxmlmdd.pdb' was not found with 'PocoXMLmdd.lib(AttributesImpl.obj)' or at 'C:\Users\Public\Documents\of_v0.8.1_vs_release\apps\myApps\BrainwaveOSC\bin\pocoxmlmdd.pdb'; linking object as if no debug info
     1>PocoXMLmdd.lib(ContentHandler.obj) : warning LNK4099: PDB 'pocoxmlmdd.pdb' was not found with 'PocoXMLmdd.lib(ContentHandler.obj)' or at 'C:\Users\Public\Documents\of_v0.8.1_vs_release\apps\myApps\BrainwaveOSC\bin\pocoxmlmdd.pdb'; linking object as if no debug info
     1>PocoXMLmdd.lib(DTDHandler.obj) : warning LNK4099: PDB 'pocoxmlmdd.pdb' was not found with 'PocoXMLmdd.lib(DTDHandler.obj)' or at 'C:\Users\Public\Documents\of_v0.8.1_vs_release\apps\myApps\BrainwaveOSC\bin\pocoxmlmdd.pdb'; linking object as if no debug info
     1>PocoXMLmdd.lib(EntityResolver.obj) : warning LNK4099: PDB 'pocoxmlmdd.pdb' was not found with 'PocoXMLmdd.lib(EntityResolver.obj)' or at 'C:\Users\Public\Documents\of_v0.8.1_vs_release\apps\myApps\BrainwaveOSC\bin\pocoxmlmdd.pdb'; linking object as if no debug info
     1>PocoXMLmdd.lib(EntityResolverImpl.obj) : warning LNK4099: PDB 'pocoxmlmdd.pdb' was not found with 'PocoXMLmdd.lib(EntityResolverImpl.obj)' or at 'C:\Users\Public\Documents\of_v0.8.1_vs_release\apps\myApps\BrainwaveOSC\bin\pocoxmlmdd.pdb'; linking object as if no debug info
     1>PocoXMLmdd.lib(ErrorHandler.obj) : warning LNK4099: PDB 'pocoxmlmdd.pdb' was not found with 'PocoXMLmdd.lib(ErrorHandler.obj)' or at 'C:\Users\Public\Documents\of_v0.8.1_vs_release\apps\myApps\BrainwaveOSC\bin\pocoxmlmdd.pdb'; linking object as if no debug info
     1>PocoXMLmdd.lib(InputSource.obj) : warning LNK4099: PDB 'pocoxmlmdd.pdb' was not found with 'PocoXMLmdd.lib(InputSource.obj)' or at 'C:\Users\Public\Documents\of_v0.8.1_vs_release\apps\myApps\BrainwaveOSC\bin\pocoxmlmdd.pdb'; linking object as if no debug info
     1>PocoXMLmdd.lib(LexicalHandler.obj) : warning LNK4099: PDB 'pocoxmlmdd.pdb' was not found with 'PocoXMLmdd.lib(LexicalHandler.obj)' or at 'C:\Users\Public\Documents\of_v0.8.1_vs_release\apps\myApps\BrainwaveOSC\bin\pocoxmlmdd.pdb'; linking object as if no debug info
     1>PocoXMLmdd.lib(Locator.obj) : warning LNK4099: PDB 'pocoxmlmdd.pdb' was not found with 'PocoXMLmdd.lib(Locator.obj)' or at 'C:\Users\Public\Documents\of_v0.8.1_vs_release\apps\myApps\BrainwaveOSC\bin\pocoxmlmdd.pdb'; linking object as if no debug info
     1>PocoXMLmdd.lib(LocatorImpl.obj) : warning LNK4099: PDB 'pocoxmlmdd.pdb' was not found with 'PocoXMLmdd.lib(LocatorImpl.obj)' or at 'C:\Users\Public\Documents\of_v0.8.1_vs_release\apps\myApps\BrainwaveOSC\bin\pocoxmlmdd.pdb'; linking object as if no debug info
     1>PocoXMLmdd.lib(NamespaceSupport.obj) : warning LNK4099: PDB 'pocoxmlmdd.pdb' was not found with 'PocoXMLmdd.lib(NamespaceSupport.obj)' or at 'C:\Users\Public\Documents\of_v0.8.1_vs_release\apps\myApps\BrainwaveOSC\bin\pocoxmlmdd.pdb'; linking object as if no debug info
     1>PocoXMLmdd.lib(SAXException.obj) : warning LNK4099: PDB 'pocoxmlmdd.pdb' was not found with 'PocoXMLmdd.lib(SAXException.obj)' or at 'C:\Users\Public\Documents\of_v0.8.1_vs_release\apps\myApps\BrainwaveOSC\bin\pocoxmlmdd.pdb'; linking object as if no debug info
     1>PocoXMLmdd.lib(SAXParser.obj) : warning LNK4099: PDB 'pocoxmlmdd.pdb' was not found with 'PocoXMLmdd.lib(SAXParser.obj)' or at 'C:\Users\Public\Documents\of_v0.8.1_vs_release\apps\myApps\BrainwaveOSC\bin\pocoxmlmdd.pdb'; linking object as if no debug info
     1>PocoXMLmdd.lib(WhitespaceFilter.obj) : warning LNK4099: PDB 'pocoxmlmdd.pdb' was not found with 'PocoXMLmdd.lib(WhitespaceFilter.obj)' or at 'C:\Users\Public\Documents\of_v0.8.1_vs_release\apps\myApps\BrainwaveOSC\bin\pocoxmlmdd.pdb'; linking object as if no debug info
     1>PocoXMLmdd.lib(XMLFilter.obj) : warning LNK4099: PDB 'pocoxmlmdd.pdb' was not found with 'PocoXMLmdd.lib(XMLFilter.obj)' or at 'C:\Users\Public\Documents\of_v0.8.1_vs_release\apps\myApps\BrainwaveOSC\bin\pocoxmlmdd.pdb'; linking object as if no debug info
     1>PocoXMLmdd.lib(XMLFilterImpl.obj) : warning LNK4099: PDB 'pocoxmlmdd.pdb' was not found with 'PocoXMLmdd.lib(XMLFilterImpl.obj)' or at 'C:\Users\Public\Documents\of_v0.8.1_vs_release\apps\myApps\BrainwaveOSC\bin\pocoxmlmdd.pdb'; linking object as if no debug info
     1>PocoXMLmdd.lib(XMLReader.obj) : warning LNK4099: PDB 'pocoxmlmdd.pdb' was not found with 'PocoXMLmdd.lib(XMLReader.obj)' or at 'C:\Users\Public\Documents\of_v0.8.1_vs_release\apps\myApps\BrainwaveOSC\bin\pocoxmlmdd.pdb'; linking object as if no debug info
     1>PocoXMLmdd.lib(AbstractContainerNode.obj) : warning LNK4099: PDB 'pocoxmlmdd.pdb' was not found with 'PocoXMLmdd.lib(AbstractContainerNode.obj)' or at 'C:\Users\Public\Documents\of_v0.8.1_vs_release\apps\myApps\BrainwaveOSC\bin\pocoxmlmdd.pdb'; linking object as if no debug info
     1>PocoXMLmdd.lib(AbstractNode.obj) : warning LNK4099: PDB 'pocoxmlmdd.pdb' was not found with 'PocoXMLmdd.lib(AbstractNode.obj)' or at 'C:\Users\Public\Documents\of_v0.8.1_vs_release\apps\myApps\BrainwaveOSC\bin\pocoxmlmdd.pdb'; linking object as if no debug info
     1>PocoXMLmdd.lib(Attr.obj) : warning LNK4099: PDB 'pocoxmlmdd.pdb' was not found with 'PocoXMLmdd.lib(Attr.obj)' or at 'C:\Users\Public\Documents\of_v0.8.1_vs_release\apps\myApps\BrainwaveOSC\bin\pocoxmlmdd.pdb'; linking object as if no debug info
     1>PocoXMLmdd.lib(AttrMap.obj) : warning LNK4099: PDB 'pocoxmlmdd.pdb' was not found with 'PocoXMLmdd.lib(AttrMap.obj)' or at 'C:\Users\Public\Documents\of_v0.8.1_vs_release\apps\myApps\BrainwaveOSC\bin\pocoxmlmdd.pdb'; linking object as if no debug info
     1>PocoXMLmdd.lib(CDATASection.obj) : warning LNK4099: PDB 'pocoxmlmdd.pdb' was not found with 'PocoXMLmdd.lib(CDATASection.obj)' or at 'C:\Users\Public\Documents\of_v0.8.1_vs_release\apps\myApps\BrainwaveOSC\bin\pocoxmlmdd.pdb'; linking object as if no debug info
     1>PocoXMLmdd.lib(CharacterData.obj) : warning LNK4099: PDB 'pocoxmlmdd.pdb' was not found with 'PocoXMLmdd.lib(CharacterData.obj)' or at 'C:\Users\Public\Documents\of_v0.8.1_vs_release\apps\myApps\BrainwaveOSC\bin\pocoxmlmdd.pdb'; linking object as if no debug info
     1>PocoXMLmdd.lib(ChildNodesList.obj) : warning LNK4099: PDB 'pocoxmlmdd.pdb' was not found with 'PocoXMLmdd.lib(ChildNodesList.obj)' or at 'C:\Users\Public\Documents\of_v0.8.1_vs_release\apps\myApps\BrainwaveOSC\bin\pocoxmlmdd.pdb'; linking object as if no debug info
     1>PocoXMLmdd.lib(Comment.obj) : warning LNK4099: PDB 'pocoxmlmdd.pdb' was not found with 'PocoXMLmdd.lib(Comment.obj)' or at 'C:\Users\Public\Documents\of_v0.8.1_vs_release\apps\myApps\BrainwaveOSC\bin\pocoxmlmdd.pdb'; linking object as if no debug info
     1>PocoXMLmdd.lib(Document.obj) : warning LNK4099: PDB 'pocoxmlmdd.pdb' was not found with 'PocoXMLmdd.lib(Document.obj)' or at 'C:\Users\Public\Documents\of_v0.8.1_vs_release\apps\myApps\BrainwaveOSC\bin\pocoxmlmdd.pdb'; linking object as if no debug info
     1>PocoXMLmdd.lib(DocumentEvent.obj) : warning LNK4099: PDB 'pocoxmlmdd.pdb' was not found with 'PocoXMLmdd.lib(DocumentEvent.obj)' or at 'C:\Users\Public\Documents\of_v0.8.1_vs_release\apps\myApps\BrainwaveOSC\bin\pocoxmlmdd.pdb'; linking object as if no debug info
     1>PocoXMLmdd.lib(DocumentFragment.obj) : warning LNK4099: PDB 'pocoxmlmdd.pdb' was not found with 'PocoXMLmdd.lib(DocumentFragment.obj)' or at 'C:\Users\Public\Documents\of_v0.8.1_vs_release\apps\myApps\BrainwaveOSC\bin\pocoxmlmdd.pdb'; linking object as if no debug info
     1>PocoXMLmdd.lib(DocumentType.obj) : warning LNK4099: PDB 'pocoxmlmdd.pdb' was not found with 'PocoXMLmdd.lib(DocumentType.obj)' or at 'C:\Users\Public\Documents\of_v0.8.1_vs_release\apps\myApps\BrainwaveOSC\bin\pocoxmlmdd.pdb'; linking object as if no debug info
     1>PocoXMLmdd.lib(DOMBuilder.obj) : warning LNK4099: PDB 'pocoxmlmdd.pdb' was not found with 'PocoXMLmdd.lib(DOMBuilder.obj)' or at 'C:\Users\Public\Documents\of_v0.8.1_vs_release\apps\myApps\BrainwaveOSC\bin\pocoxmlmdd.pdb'; linking object as if no debug info
     1>PocoXMLmdd.lib(DOMException.obj) : warning LNK4099: PDB 'pocoxmlmdd.pdb' was not found with 'PocoXMLmdd.lib(DOMException.obj)' or at 'C:\Users\Public\Documents\of_v0.8.1_vs_release\apps\myApps\BrainwaveOSC\bin\pocoxmlmdd.pdb'; linking object as if no debug info
     1>PocoXMLmdd.lib(DOMImplementation.obj) : warning LNK4099: PDB 'pocoxmlmdd.pdb' was not found with 'PocoXMLmdd.lib(DOMImplementation.obj)' or at 'C:\Users\Public\Documents\of_v0.8.1_vs_release\apps\myApps\BrainwaveOSC\bin\pocoxmlmdd.pdb'; linking object as if no debug info
     1>PocoXMLmdd.lib(DOMObject.obj) : warning LNK4099: PDB 'pocoxmlmdd.pdb' was not found with 'PocoXMLmdd.lib(DOMObject.obj)' or at 'C:\Users\Public\Documents\of_v0.8.1_vs_release\apps\myApps\BrainwaveOSC\bin\pocoxmlmdd.pdb'; linking object as if no debug info
     1>PocoXMLmdd.lib(DOMParser.obj) : warning LNK4099: PDB 'pocoxmlmdd.pdb' was not found with 'PocoXMLmdd.lib(DOMParser.obj)' or at 'C:\Users\Public\Documents\of_v0.8.1_vs_release\apps\myApps\BrainwaveOSC\bin\pocoxmlmdd.pdb'; linking object as if no debug info
     1>PocoXMLmdd.lib(DOMSerializer.obj) : warning LNK4099: PDB 'pocoxmlmdd.pdb' was not found with 'PocoXMLmdd.lib(DOMSerializer.obj)' or at 'C:\Users\Public\Documents\of_v0.8.1_vs_release\apps\myApps\BrainwaveOSC\bin\pocoxmlmdd.pdb'; linking object as if no debug info
     1>PocoXMLmdd.lib(DOMWriter.obj) : warning LNK4099: PDB 'pocoxmlmdd.pdb' was not found with 'PocoXMLmdd.lib(DOMWriter.obj)' or at 'C:\Users\Public\Documents\of_v0.8.1_vs_release\apps\myApps\BrainwaveOSC\bin\pocoxmlmdd.pdb'; linking object as if no debug info
     1>PocoXMLmdd.lib(DTDMap.obj) : warning LNK4099: PDB 'pocoxmlmdd.pdb' was not found with 'PocoXMLmdd.lib(DTDMap.obj)' or at 'C:\Users\Public\Documents\of_v0.8.1_vs_release\apps\myApps\BrainwaveOSC\bin\pocoxmlmdd.pdb'; linking object as if no debug info
     1>PocoXMLmdd.lib(Element.obj) : warning LNK4099: PDB 'pocoxmlmdd.pdb' was not found with 'PocoXMLmdd.lib(Element.obj)' or at 'C:\Users\Public\Documents\of_v0.8.1_vs_release\apps\myApps\BrainwaveOSC\bin\pocoxmlmdd.pdb'; linking object as if no debug info
     1>PocoXMLmdd.lib(ElementsByTagNameList.obj) : warning LNK4099: PDB 'pocoxmlmdd.pdb' was not found with 'PocoXMLmdd.lib(ElementsByTagNameList.obj)' or at 'C:\Users\Public\Documents\of_v0.8.1_vs_release\apps\myApps\BrainwaveOSC\bin\pocoxmlmdd.pdb'; linking object as if no debug info
     1>PocoXMLmdd.lib(Entity.obj) : warning LNK4099: PDB 'pocoxmlmdd.pdb' was not found with 'PocoXMLmdd.lib(Entity.obj)' or at 'C:\Users\Public\Documents\of_v0.8.1_vs_release\apps\myApps\BrainwaveOSC\bin\pocoxmlmdd.pdb'; linking object as if no debug info
     1>PocoXMLmdd.lib(EntityReference.obj) : warning LNK4099: PDB 'pocoxmlmdd.pdb' was not found with 'PocoXMLmdd.lib(EntityReference.obj)' or at 'C:\Users\Public\Documents\of_v0.8.1_vs_release\apps\myApps\BrainwaveOSC\bin\pocoxmlmdd.pdb'; linking object as if no debug info
     1>PocoXMLmdd.lib(Event.obj) : warning LNK4099: PDB 'pocoxmlmdd.pdb' was not found with 'PocoXMLmdd.lib(Event.obj)' or at 'C:\Users\Public\Documents\of_v0.8.1_vs_release\apps\myApps\BrainwaveOSC\bin\pocoxmlmdd.pdb'; linking object as if no debug info
     1>PocoXMLmdd.lib(EventDispatcher.obj) : warning LNK4099: PDB 'pocoxmlmdd.pdb' was not found with 'PocoXMLmdd.lib(EventDispatcher.obj)' or at 'C:\Users\Public\Documents\of_v0.8.1_vs_release\apps\myApps\BrainwaveOSC\bin\pocoxmlmdd.pdb'; linking object as if no debug info
     1>PocoXMLmdd.lib(EventException.obj) : warning LNK4099: PDB 'pocoxmlmdd.pdb' was not found with 'PocoXMLmdd.lib(EventException.obj)' or at 'C:\Users\Public\Documents\of_v0.8.1_vs_release\apps\myApps\BrainwaveOSC\bin\pocoxmlmdd.pdb'; linking object as if no debug info
     1>PocoXMLmdd.lib(EventTarget.obj) : warning LNK4099: PDB 'pocoxmlmdd.pdb' was not found with 'PocoXMLmdd.lib(EventTarget.obj)' or at 'C:\Users\Public\Documents\of_v0.8.1_vs_release\apps\myApps\BrainwaveOSC\bin\pocoxmlmdd.pdb'; linking object as if no debug info
     1>PocoXMLmdd.lib(MutationEvent.obj) : warning LNK4099: PDB 'pocoxmlmdd.pdb' was not found with 'PocoXMLmdd.lib(MutationEvent.obj)' or at 'C:\Users\Public\Documents\of_v0.8.1_vs_release\apps\myApps\BrainwaveOSC\bin\pocoxmlmdd.pdb'; linking object as if no debug info
     1>PocoXMLmdd.lib(NamedNodeMap.obj) : warning LNK4099: PDB 'pocoxmlmdd.pdb' was not found with 'PocoXMLmdd.lib(NamedNodeMap.obj)' or at 'C:\Users\Public\Documents\of_v0.8.1_vs_release\apps\myApps\BrainwaveOSC\bin\pocoxmlmdd.pdb'; linking object as if no debug info
     1>PocoXMLmdd.lib(Node.obj) : warning LNK4099: PDB 'pocoxmlmdd.pdb' was not found with 'PocoXMLmdd.lib(Node.obj)' or at 'C:\Users\Public\Documents\of_v0.8.1_vs_release\apps\myApps\BrainwaveOSC\bin\pocoxmlmdd.pdb'; linking object as if no debug info
     1>PocoXMLmdd.lib(NodeList.obj) : warning LNK4099: PDB 'pocoxmlmdd.pdb' was not found with 'PocoXMLmdd.lib(NodeList.obj)' or at 'C:\Users\Public\Documents\of_v0.8.1_vs_release\apps\myApps\BrainwaveOSC\bin\pocoxmlmdd.pdb'; linking object as if no debug info
     1>PocoXMLmdd.lib(Notation.obj) : warning LNK4099: PDB 'pocoxmlmdd.pdb' was not found with 'PocoXMLmdd.lib(Notation.obj)' or at 'C:\Users\Public\Documents\of_v0.8.1_vs_release\apps\myApps\BrainwaveOSC\bin\pocoxmlmdd.pdb'; linking object as if no debug info
     1>PocoXMLmdd.lib(ProcessingInstruction.obj) : warning LNK4099: PDB 'pocoxmlmdd.pdb' was not found with 'PocoXMLmdd.lib(ProcessingInstruction.obj)' or at 'C:\Users\Public\Documents\of_v0.8.1_vs_release\apps\myApps\BrainwaveOSC\bin\pocoxmlmdd.pdb'; linking object as if no debug info
     1>PocoXMLmdd.lib(Text.obj) : warning LNK4099: PDB 'pocoxmlmdd.pdb' was not found with 'PocoXMLmdd.lib(Text.obj)' or at 'C:\Users\Public\Documents\of_v0.8.1_vs_release\apps\myApps\BrainwaveOSC\bin\pocoxmlmdd.pdb'; linking object as if no debug info
     1>PocoXMLmdd.lib(xmlparse.obj) : warning LNK4099: PDB 'pocoxmlmdd.pdb' was not found with 'PocoXMLmdd.lib(xmlparse.obj)' or at 'C:\Users\Public\Documents\of_v0.8.1_vs_release\apps\myApps\BrainwaveOSC\bin\pocoxmlmdd.pdb'; linking object as if no debug info
     1>PocoXMLmdd.lib(xmlrole.obj) : warning LNK4099: PDB 'pocoxmlmdd.pdb' was not found with 'PocoXMLmdd.lib(xmlrole.obj)' or at 'C:\Users\Public\Documents\of_v0.8.1_vs_release\apps\myApps\BrainwaveOSC\bin\pocoxmlmdd.pdb'; linking object as if no debug info
     1>PocoXMLmdd.lib(xmltok.obj) : warning LNK4099: PDB 'pocoxmlmdd.pdb' was not found with 'PocoXMLmdd.lib(xmltok.obj)' or at 'C:\Users\Public\Documents\of_v0.8.1_vs_release\apps\myApps\BrainwaveOSC\bin\pocoxmlmdd.pdb'; linking object as if no debug info
     1>tess2.lib(bucketalloc.obj) : warning LNK4099: PDB 'vc110.pdb' was not found with 'tess2.lib(bucketalloc.obj)' or at 'C:\Users\Public\Documents\of_v0.8.1_vs_release\apps\myApps\BrainwaveOSC\bin\vc110.pdb'; linking object as if no debug info
     1>tess2.lib(dict.obj) : warning LNK4099: PDB 'vc110.pdb' was not found with 'tess2.lib(dict.obj)' or at 'C:\Users\Public\Documents\of_v0.8.1_vs_release\apps\myApps\BrainwaveOSC\bin\vc110.pdb'; linking object as if no debug info
     1>tess2.lib(geom.obj) : warning LNK4099: PDB 'vc110.pdb' was not found with 'tess2.lib(geom.obj)' or at 'C:\Users\Public\Documents\of_v0.8.1_vs_release\apps\myApps\BrainwaveOSC\bin\vc110.pdb'; linking object as if no debug info
     1>tess2.lib(mesh.obj) : warning LNK4099: PDB 'vc110.pdb' was not found with 'tess2.lib(mesh.obj)' or at 'C:\Users\Public\Documents\of_v0.8.1_vs_release\apps\myApps\BrainwaveOSC\bin\vc110.pdb'; linking object as if no debug info
     1>tess2.lib(priorityq.obj) : warning LNK4099: PDB 'vc110.pdb' was not found with 'tess2.lib(priorityq.obj)' or at 'C:\Users\Public\Documents\of_v0.8.1_vs_release\apps\myApps\BrainwaveOSC\bin\vc110.pdb'; linking object as if no debug info
     1>tess2.lib(sweep.obj) : warning LNK4099: PDB 'vc110.pdb' was not found with 'tess2.lib(sweep.obj)' or at 'C:\Users\Public\Documents\of_v0.8.1_vs_release\apps\myApps\BrainwaveOSC\bin\vc110.pdb'; linking object as if no debug info
     1>tess2.lib(tess.obj) : warning LNK4099: PDB 'vc110.pdb' was not found with 'tess2.lib(tess.obj)' or at 'C:\Users\Public\Documents\of_v0.8.1_vs_release\apps\myApps\BrainwaveOSC\bin\vc110.pdb'; linking object as if no debug info
     1>PocoNetSSLmdd.lib(AcceptCertificateHandler.obj) : warning LNK4099: PDB 'poconetsslmdd.pdb' was not found with 'PocoNetSSLmdd.lib(AcceptCertificateHandler.obj)' or at 'C:\Users\Public\Documents\of_v0.8.1_vs_release\apps\myApps\BrainwaveOSC\bin\poconetsslmdd.pdb'; linking object as if no debug info
     1>PocoNetSSLmdd.lib(CertificateHandlerFactory.obj) : warning LNK4099: PDB 'poconetsslmdd.pdb' was not found with 'PocoNetSSLmdd.lib(CertificateHandlerFactory.obj)' or at 'C:\Users\Public\Documents\of_v0.8.1_vs_release\apps\myApps\BrainwaveOSC\bin\poconetsslmdd.pdb'; linking object as if no debug info
     1>PocoNetSSLmdd.lib(CertificateHandlerFactoryMgr.obj) : warning LNK4099: PDB 'poconetsslmdd.pdb' was not found with 'PocoNetSSLmdd.lib(CertificateHandlerFactoryMgr.obj)' or at 'C:\Users\Public\Documents\of_v0.8.1_vs_release\apps\myApps\BrainwaveOSC\bin\poconetsslmdd.pdb'; linking object as if no debug info
     1>PocoNetSSLmdd.lib(ConsoleCertificateHandler.obj) : warning LNK4099: PDB 'poconetsslmdd.pdb' was not found with 'PocoNetSSLmdd.lib(ConsoleCertificateHandler.obj)' or at 'C:\Users\Public\Documents\of_v0.8.1_vs_release\apps\myApps\BrainwaveOSC\bin\poconetsslmdd.pdb'; linking object as if no debug info
     1>PocoNetSSLmdd.lib(Context.obj) : warning LNK4099: PDB 'poconetsslmdd.pdb' was not found with 'PocoNetSSLmdd.lib(Context.obj)' or at 'C:\Users\Public\Documents\of_v0.8.1_vs_release\apps\myApps\BrainwaveOSC\bin\poconetsslmdd.pdb'; linking object as if no debug info
     1>PocoNetSSLmdd.lib(InvalidCertificateHandler.obj) : warning LNK4099: PDB 'poconetsslmdd.pdb' was not found with 'PocoNetSSLmdd.lib(InvalidCertificateHandler.obj)' or at 'C:\Users\Public\Documents\of_v0.8.1_vs_release\apps\myApps\BrainwaveOSC\bin\poconetsslmdd.pdb'; linking object as if no debug info
     1>PocoNetSSLmdd.lib(KeyConsoleHandler.obj) : warning LNK4099: PDB 'poconetsslmdd.pdb' was not found with 'PocoNetSSLmdd.lib(KeyConsoleHandler.obj)' or at 'C:\Users\Public\Documents\of_v0.8.1_vs_release\apps\myApps\BrainwaveOSC\bin\poconetsslmdd.pdb'; linking object as if no debug info
     1>PocoNetSSLmdd.lib(KeyFileHandler.obj) : warning LNK4099: PDB 'poconetsslmdd.pdb' was not found with 'PocoNetSSLmdd.lib(KeyFileHandler.obj)' or at 'C:\Users\Public\Documents\of_v0.8.1_vs_release\apps\myApps\BrainwaveOSC\bin\poconetsslmdd.pdb'; linking object as if no debug info
     1>PocoNetSSLmdd.lib(PrivateKeyFactory.obj) : warning LNK4099: PDB 'poconetsslmdd.pdb' was not found with 'PocoNetSSLmdd.lib(PrivateKeyFactory.obj)' or at 'C:\Users\Public\Documents\of_v0.8.1_vs_release\apps\myApps\BrainwaveOSC\bin\poconetsslmdd.pdb'; linking object as if no debug info
     1>PocoNetSSLmdd.lib(PrivateKeyFactoryMgr.obj) : warning LNK4099: PDB 'poconetsslmdd.pdb' was not found with 'PocoNetSSLmdd.lib(PrivateKeyFactoryMgr.obj)' or at 'C:\Users\Public\Documents\of_v0.8.1_vs_release\apps\myApps\BrainwaveOSC\bin\poconetsslmdd.pdb'; linking object as if no debug info
     1>PocoNetSSLmdd.lib(PrivateKeyPassphraseHandler.obj) : warning LNK4099: PDB 'poconetsslmdd.pdb' was not found with 'PocoNetSSLmdd.lib(PrivateKeyPassphraseHandler.obj)' or at 'C:\Users\Public\Documents\of_v0.8.1_vs_release\apps\myApps\BrainwaveOSC\bin\poconetsslmdd.pdb'; linking object as if no debug info
     1>PocoNetSSLmdd.lib(RejectCertificateHandler.obj) : warning LNK4099: PDB 'poconetsslmdd.pdb' was not found with 'PocoNetSSLmdd.lib(RejectCertificateHandler.obj)' or at 'C:\Users\Public\Documents\of_v0.8.1_vs_release\apps\myApps\BrainwaveOSC\bin\poconetsslmdd.pdb'; linking object as if no debug info
     1>PocoNetSSLmdd.lib(Session.obj) : warning LNK4099: PDB 'poconetsslmdd.pdb' was not found with 'PocoNetSSLmdd.lib(Session.obj)' or at 'C:\Users\Public\Documents\of_v0.8.1_vs_release\apps\myApps\BrainwaveOSC\bin\poconetsslmdd.pdb'; linking object as if no debug info
     1>PocoNetSSLmdd.lib(SSLException.obj) : warning LNK4099: PDB 'poconetsslmdd.pdb' was not found with 'PocoNetSSLmdd.lib(SSLException.obj)' or at 'C:\Users\Public\Documents\of_v0.8.1_vs_release\apps\myApps\BrainwaveOSC\bin\poconetsslmdd.pdb'; linking object as if no debug info
     1>PocoNetSSLmdd.lib(SSLManager.obj) : warning LNK4099: PDB 'poconetsslmdd.pdb' was not found with 'PocoNetSSLmdd.lib(SSLManager.obj)' or at 'C:\Users\Public\Documents\of_v0.8.1_vs_release\apps\myApps\BrainwaveOSC\bin\poconetsslmdd.pdb'; linking object as if no debug info
     1>PocoNetSSLmdd.lib(Utility.obj) : warning LNK4099: PDB 'poconetsslmdd.pdb' was not found with 'PocoNetSSLmdd.lib(Utility.obj)' or at 'C:\Users\Public\Documents\of_v0.8.1_vs_release\apps\myApps\BrainwaveOSC\bin\poconetsslmdd.pdb'; linking object as if no debug info
     1>PocoNetSSLmdd.lib(VerificationErrorArgs.obj) : warning LNK4099: PDB 'poconetsslmdd.pdb' was not found with 'PocoNetSSLmdd.lib(VerificationErrorArgs.obj)' or at 'C:\Users\Public\Documents\of_v0.8.1_vs_release\apps\myApps\BrainwaveOSC\bin\poconetsslmdd.pdb'; linking object as if no debug info
     1>PocoNetSSLmdd.lib(X509Certificate.obj) : warning LNK4099: PDB 'poconetsslmdd.pdb' was not found with 'PocoNetSSLmdd.lib(X509Certificate.obj)' or at 'C:\Users\Public\Documents\of_v0.8.1_vs_release\apps\myApps\BrainwaveOSC\bin\poconetsslmdd.pdb'; linking object as if no debug info
     1>PocoNetSSLmdd.lib(HTTPSClientSession.obj) : warning LNK4099: PDB 'poconetsslmdd.pdb' was not found with 'PocoNetSSLmdd.lib(HTTPSClientSession.obj)' or at 'C:\Users\Public\Documents\of_v0.8.1_vs_release\apps\myApps\BrainwaveOSC\bin\poconetsslmdd.pdb'; linking object as if no debug info
     1>PocoNetSSLmdd.lib(HTTPSStreamFactory.obj) : warning LNK4099: PDB 'poconetsslmdd.pdb' was not found with 'PocoNetSSLmdd.lib(HTTPSStreamFactory.obj)' or at 'C:\Users\Public\Documents\of_v0.8.1_vs_release\apps\myApps\BrainwaveOSC\bin\poconetsslmdd.pdb'; linking object as if no debug info
     1>PocoNetSSLmdd.lib(SecureSocketImpl.obj) : warning LNK4099: PDB 'poconetsslmdd.pdb' was not found with 'PocoNetSSLmdd.lib(SecureSocketImpl.obj)' or at 'C:\Users\Public\Documents\of_v0.8.1_vs_release\apps\myApps\BrainwaveOSC\bin\poconetsslmdd.pdb'; linking object as if no debug info
     1>PocoNetSSLmdd.lib(SecureStreamSocket.obj) : warning LNK4099: PDB 'poconetsslmdd.pdb' was not found with 'PocoNetSSLmdd.lib(SecureStreamSocket.obj)' or at 'C:\Users\Public\Documents\of_v0.8.1_vs_release\apps\myApps\BrainwaveOSC\bin\poconetsslmdd.pdb'; linking object as if no debug info
     1>PocoNetSSLmdd.lib(SecureStreamSocketImpl.obj) : warning LNK4099: PDB 'poconetsslmdd.pdb' was not found with 'PocoNetSSLmdd.lib(SecureStreamSocketImpl.obj)' or at 'C:\Users\Public\Documents\of_v0.8.1_vs_release\apps\myApps\BrainwaveOSC\bin\poconetsslmdd.pdb'; linking object as if no debug info
     1>PocoCryptomdd.lib(X509Certificate.obj) : warning LNK4099: PDB 'pococryptomdd.pdb' was not found with 'PocoCryptomdd.lib(X509Certificate.obj)' or at 'C:\Users\Public\Documents\of_v0.8.1_vs_release\apps\myApps\BrainwaveOSC\bin\pococryptomdd.pdb'; linking object as if no debug info
     1>PocoCryptomdd.lib(OpenSSLInitializer.obj) : warning LNK4099: PDB 'pococryptomdd.pdb' was not found with 'PocoCryptomdd.lib(OpenSSLInitializer.obj)' or at 'C:\Users\Public\Documents\of_v0.8.1_vs_release\apps\myApps\BrainwaveOSC\bin\pococryptomdd.pdb'; linking object as if no debug info
         BrainwaveOSC.vcxproj -> C:\Users\Public\Documents\of_v0.8.1_vs_release\apps\myApps\BrainwaveOSC\bin\BrainwaveOSC_debug.exe
       PostBuildEvent:
         xcopy /e /i /y "C:\Users\Public\Documents\of_v0.8.1_vs_release\apps\myApps\BrainwaveOSC\..\..\..\export\vs\*.dll" "C:\Users\Public\Documents\of_v0.8.1_vs_release\apps\myApps\BrainwaveOSC\bin"
         :VCEnd
         C:\Users\Public\Documents\of_v0.8.1_vs_release\apps\myApps\BrainwaveOSC\..\..\..\export\vs\Assimp32.dll
         C:\Users\Public\Documents\of_v0.8.1_vs_release\apps\myApps\BrainwaveOSC\..\..\..\export\vs\fmodex.dll
         C:\Users\Public\Documents\of_v0.8.1_vs_release\apps\myApps\BrainwaveOSC\..\..\..\export\vs\fmodexL.dll
         C:\Users\Public\Documents\of_v0.8.1_vs_release\apps\myApps\BrainwaveOSC\..\..\..\export\vs\FreeImage.dll
         C:\Users\Public\Documents\of_v0.8.1_vs_release\apps\myApps\BrainwaveOSC\..\..\..\export\vs\FreeType-6.dll
         C:\Users\Public\Documents\of_v0.8.1_vs_release\apps\myApps\BrainwaveOSC\..\..\..\export\vs\glut32.dll
         C:\Users\Public\Documents\of_v0.8.1_vs_release\apps\myApps\BrainwaveOSC\..\..\..\export\vs\libeay32.dll
         C:\Users\Public\Documents\of_v0.8.1_vs_release\apps\myApps\BrainwaveOSC\..\..\..\export\vs\ssleay32.dll
         C:\Users\Public\Documents\of_v0.8.1_vs_release\apps\myApps\BrainwaveOSC\..\..\..\export\vs\Zlib.dll
         9 File(s) copied
     1>Done Building Project "C:\Users\Public\Documents\of_v0.8.1_vs_release\apps\myApps\BrainwaveOSC\BrainwaveOSC.vcxproj" (Build target(s)).

Build succeeded.

Time Elapsed 00:00:25.04
